Log file open, 01/24/18 09:03:00
LogWindows: Failed to load 'aqProf.dll' (GetLastError=126)
LogWindows: File 'aqProf.dll' does not exist
LogWindows: Failed to load 'VSPerf140.dll' (GetLastError=126)
LogWindows: File 'VSPerf140.dll' does not exist
LogWindows: Failed to load 'VtuneApi.dll' (GetLastError=126)
LogWindows: File 'VtuneApi.dll' does not exist
LogWindows: Failed to load 'VtuneApi32e.dll' (GetLastError=126)
LogWindows: File 'VtuneApi32e.dll' does not exist
LogInit: Display: Running engine for game: retroAestheticHons
LogPlatformFile: Not using cached read wrapper
LogInit: Display: RandInit(-1821383500) SRandInit(-1821383500).
LogInit: Read version file with build ID '3709383'
LogInit: Overriding engine version to CL 3794801, compatible CL 3709383
LogInit: Registered custom module enumerator with build ID '3709383'
LogTaskGraph: Started task graph with 5 named threads and 8 total threads with 3 sets of task threads.
LogStats: Stats thread started at 0.159362
LogD3D11RHI: Aftermath initialized
LogModuleManager: Display: Found up-to-date module file ../../../Engine/Plugins/2D/Paper2D/Binaries/Win64/UE4Editor-Paper2D.dll (API version 3709383).
LogModuleManager: Display: Found up-to-date module file ../../../Engine/Plugins/2D/Paper2D/Binaries/Win64/UE4Editor-Paper2DEditor.dll (API version 3709383).
LogModuleManager: Display: Found up-to-date module file ../../../Engine/Plugins/2D/Paper2D/Binaries/Win64/UE4Editor-PaperSpriteSheetImporter.dll (API version 3709383).
LogModuleManager: Display: Found up-to-date module file ../../../Engine/Plugins/2D/Paper2D/Binaries/Win64/UE4Editor-PaperTiledImporter.dll (API version 3709383).
LogModuleManager: Display: Found up-to-date module file ../../../Engine/Plugins/2D/Paper2D/Binaries/Win64/UE4Editor-SmartSnapping.dll (API version 3709383).
LogModuleManager: Display: Found up-to-date module file ../../../Engine/Plugins/Blendables/LightPropagationVolume/Binaries/Win64/UE4Editor-LightPropagationVolumeRuntime.dll (API version 3709383).
LogModuleManager: Display: Found up-to-date module file ../../../Engine/Plugins/Blendables/LightPropagationVolume/Binaries/Win64/UE4Editor-LightPropagationVolumeEditor.dll (API version 3709383).
LogModuleManager: Display: Found up-to-date module file ../../../Engine/Plugins/Developer/GitSourceControl/Binaries/Win64/UE4Editor-GitSourceControl.dll (API version 3709383).
LogModuleManager: Display: Found up-to-date module file ../../../Engine/Plugins/Developer/PerforceSourceControl/Binaries/Win64/UE4Editor-PerforceSourceControl.dll (API version 3709383).
LogModuleManager: Display: Found up-to-date module file ../../../Engine/Plugins/Developer/SubversionSourceControl/Binaries/Win64/UE4Editor-SubversionSourceControl.dll (API version 3709383).
LogModuleManager: Display: Found up-to-date module file ../../../Engine/Plugins/Developer/UObjectPlugin/Binaries/Win64/UE4Editor-UObjectPlugin.dll (API version 3709383).
LogModuleManager: Display: Found up-to-date module file ../../../Engine/Plugins/Developer/VisualStudioCodeSourceCodeAccess/Binaries/Win64/UE4Editor-VisualStudioCodeSourceCodeAccess.dll (API version 3709383).
LogModuleManager: Display: Found up-to-date module file ../../../Engine/Plugins/Developer/VisualStudioSourceCodeAccess/Binaries/Win64/UE4Editor-VisualStudioSourceCodeAccess.dll (API version 3709383).
LogModuleManager: Display: Found up-to-date module file ../../../Engine/Plugins/Editor/AssetManagerEditor/Binaries/Win64/UE4Editor-AssetManagerEditor.dll (API version 3709383).
LogModuleManager: Display: Found up-to-date module file ../../../Engine/Plugins/Editor/AudioCapture/Binaries/Win64/UE4Editor-AudioCapture.dll (API version 3709383).
LogModuleManager: Display: Found up-to-date module file ../../../Engine/Plugins/Editor/FacialAnimation/Binaries/Win64/UE4Editor-FacialAnimation.dll (API version 3709383).
LogModuleManager: Display: Found up-to-date module file ../../../Engine/Plugins/Editor/FacialAnimation/Binaries/Win64/UE4Editor-FacialAnimationEditor.dll (API version 3709383).
LogModuleManager: Display: Found up-to-date module file ../../../Engine/Plugins/Editor/GameplayTagsEditor/Binaries/Win64/UE4Editor-GameplayTagsEditor.dll (API version 3709383).
LogModuleManager: Display: Found up-to-date module file ../../../Engine/Plugins/Editor/MobileLauncherProfileWizard/Binaries/Win64/UE4Editor-MobileLauncherProfileWizard.dll (API version 3709383).
LogModuleManager: Display: Found up-to-date module file ../../../Engine/Plugins/Editor/PluginBrowser/Binaries/Win64/UE4Editor-PluginBrowser.dll (API version 3709383).
LogModuleManager: Display: Found up-to-date module file ../../../Engine/Plugins/Editor/SpeedTreeImporter/Binaries/Win64/UE4Editor-SpeedTreeImporter.dll (API version 3709383).
LogModuleManager: Display: Found up-to-date module file ../../../Engine/Plugins/Experimental/AlembicImporter/Binaries/Win64/UE4Editor-AlembicImporter.dll (API version 3709383).
LogModuleManager: Display: Found up-to-date module file ../../../Engine/Plugins/Experimental/AlembicImporter/Binaries/Win64/UE4Editor-AlembicLibrary.dll (API version 3709383).
LogModuleManager: Display: Found up-to-date module file ../../../Engine/Plugins/Experimental/CharacterAI/Binaries/Win64/UE4Editor-CharacterAI.dll (API version 3709383).
LogModuleManager: Display: Found up-to-date module file ../../../Engine/Plugins/Experimental/HTML5Networking/Binaries/Win64/UE4Editor-HTML5Networking.dll (API version 3709383).
LogModuleManager: Display: Found up-to-date module file ../../../Engine/Plugins/Media/AndroidMedia/Binaries/Win64/UE4Editor-AndroidMediaEditor.dll (API version 3709383).
LogModuleManager: Display: Found up-to-date module file ../../../Engine/Plugins/Media/AndroidMedia/Binaries/Win64/UE4Editor-AndroidMediaFactory.dll (API version 3709383).
LogModuleManager: Display: Found up-to-date module file ../../../Engine/Plugins/Media/AvfMedia/Binaries/Win64/UE4Editor-AvfMediaEditor.dll (API version 3709383).
LogModuleManager: Display: Found up-to-date module file ../../../Engine/Plugins/Media/AvfMedia/Binaries/Win64/UE4Editor-AvfMediaFactory.dll (API version 3709383).
LogModuleManager: Display: Found up-to-date module file ../../../Engine/Plugins/Media/AvfMedia/Binaries/Win64/UE4Editor-AvfMediaFactory.dll (API version 3709383).
LogModuleManager: Display: Found up-to-date module file ../../../Engine/Plugins/Media/ImgMedia/Binaries/Win64/UE4Editor-ImgMedia.dll (API version 3709383).
LogModuleManager: Display: Found up-to-date module file ../../../Engine/Plugins/Media/ImgMedia/Binaries/Win64/UE4Editor-ImgMediaEditor.dll (API version 3709383).
LogModuleManager: Display: Found up-to-date module file ../../../Engine/Plugins/Media/ImgMedia/Binaries/Win64/UE4Editor-ImgMediaFactory.dll (API version 3709383).
LogModuleManager: Display: Found up-to-date module file ../../../Engine/Plugins/Media/ImgMedia/Binaries/Win64/UE4Editor-ImgMediaFactory.dll (API version 3709383).
LogModuleManager: Display: Found up-to-date module file ../../../Engine/Plugins/Media/ImgMedia/Binaries/Win64/UE4Editor-OpenExrWrapper.dll (API version 3709383).
LogModuleManager: Display: Found up-to-date module file ../../../Engine/Plugins/Media/MediaCompositing/Binaries/Win64/UE4Editor-MediaCompositing.dll (API version 3709383).
LogModuleManager: Display: Found up-to-date module file ../../../Engine/Plugins/Media/MediaCompositing/Binaries/Win64/UE4Editor-MediaCompositingEditor.dll (API version 3709383).
LogModuleManager: Display: Found up-to-date module file ../../../Engine/Plugins/Media/MediaPlayerEditor/Binaries/Win64/UE4Editor-MediaPlayerEditor.dll (API version 3709383).
LogModuleManager: Display: Found up-to-date module file ../../../Engine/Plugins/Media/WmfMedia/Binaries/Win64/UE4Editor-WmfMedia.dll (API version 3709383).
LogModuleManager: Display: Found up-to-date module file ../../../Engine/Plugins/Media/WmfMedia/Binaries/Win64/UE4Editor-WmfMediaEditor.dll (API version 3709383).
LogModuleManager: Display: Found up-to-date module file ../../../Engine/Plugins/Media/WmfMedia/Binaries/Win64/UE4Editor-WmfMediaFactory.dll (API version 3709383).
LogModuleManager: Display: Found up-to-date module file ../../../Engine/Plugins/Media/WmfMedia/Binaries/Win64/UE4Editor-WmfMediaFactory.dll (API version 3709383).
LogModuleManager: Display: Found up-to-date module file ../../../Engine/Plugins/Messaging/TcpMessaging/Binaries/Win64/UE4Editor-TcpMessaging.dll (API version 3709383).
LogModuleManager: Display: Found up-to-date module file ../../../Engine/Plugins/Messaging/UdpMessaging/Binaries/Win64/UE4Editor-UdpMessaging.dll (API version 3709383).
LogModuleManager: Display: Found up-to-date module file ../../../Engine/Plugins/MovieScene/ActorSequence/Binaries/Win64/UE4Editor-ActorSequence.dll (API version 3709383).
LogModuleManager: Display: Found up-to-date module file ../../../Engine/Plugins/MovieScene/LevelSequenceEditor/Binaries/Win64/UE4Editor-LevelSequenceEditor.dll (API version 3709383).
LogModuleManager: Display: Found up-to-date module file ../../../Engine/Plugins/MovieScene/MatineeToLevelSequence/Binaries/Win64/UE4Editor-MatineeToLevelSequence.dll (API version 3709383).
LogModuleManager: Display: Found up-to-date module file ../../../Engine/Plugins/Online/OnlineSubsystem/Binaries/Win64/UE4Editor-OnlineSubsystem.dll (API version 3709383).
LogModuleManager: Display: Found up-to-date module file ../../../Engine/Plugins/Runtime/AndroidPermission/Binaries/Win64/UE4Editor-AndroidPermission.dll (API version 3709383).
LogModuleManager: Display: Found up-to-date module file ../../../Engine/Plugins/Online/OnlineSubsystemNull/Binaries/Win64/UE4Editor-OnlineSubsystemNull.dll (API version 3709383).
LogModuleManager: Display: Found up-to-date module file ../../../Engine/Plugins/Online/OnlineSubsystemUtils/Binaries/Win64/UE4Editor-OnlineSubsystemUtils.dll (API version 3709383).
LogModuleManager: Display: Found up-to-date module file ../../../Engine/Plugins/Online/OnlineSubsystemUtils/Binaries/Win64/UE4Editor-OnlineBlueprintSupport.dll (API version 3709383).
LogModuleManager: Display: Found up-to-date module file ../../../Engine/Plugins/Runtime/AndroidDeviceProfileSelector/Binaries/Win64/UE4Editor-AndroidDeviceProfileSelector.dll (API version 3709383).
LogModuleManager: Display: Found up-to-date module file ../../../Engine/Plugins/Runtime/AppleARKit/Binaries/Win64/UE4Editor-AppleARKit.dll (API version 3709383).
LogModuleManager: Display: Found up-to-date module file ../../../Engine/Plugins/Runtime/ArchVisCharacter/Binaries/Win64/UE4Editor-ArchVisCharacter.dll (API version 3709383).
LogModuleManager: Display: Found up-to-date module file ../../../Engine/Plugins/Runtime/CableComponent/Binaries/Win64/UE4Editor-CableComponent.dll (API version 3709383).
LogModuleManager: Display: Found up-to-date module file ../../../Engine/Plugins/Runtime/CustomMeshComponent/Binaries/Win64/UE4Editor-CustomMeshComponent.dll (API version 3709383).
LogModuleManager: Display: Found up-to-date module file ../../../Engine/Plugins/Runtime/ExampleDeviceProfileSelector/Binaries/Win64/UE4Editor-ExampleDeviceProfileSelector.dll (API version 3709383).
LogModuleManager: Display: Found up-to-date module file ../../../Engine/Plugins/Runtime/ImmediatePhysics/Binaries/Win64/UE4Editor-ImmediatePhysics.dll (API version 3709383).
LogModuleManager: Display: Found up-to-date module file ../../../Engine/Plugins/Runtime/ImmediatePhysics/Binaries/Win64/UE4Editor-ImmediatePhysicsEditor.dll (API version 3709383).
LogModuleManager: Display: Found up-to-date module file ../../../Engine/Plugins/Runtime/LocationServicesBPLibrary/Binaries/Win64/UE4Editor-LocationServicesBPLibrary.dll (API version 3709383).
LogModuleManager: Display: Found up-to-date module file ../../../Engine/Plugins/Runtime/MobilePatchingUtils/Binaries/Win64/UE4Editor-MobilePatchingUtils.dll (API version 3709383).
LogModuleManager: Display: Found up-to-date module file ../../../Engine/Plugins/Runtime/Oculus/OculusVR/Binaries/Win64/UE4Editor-OculusHMD.dll (API version 3709383).
LogModuleManager: Display: Found up-to-date module file ../../../Engine/Plugins/Runtime/Oculus/OculusVR/Binaries/Win64/UE4Editor-OculusInput.dll (API version 3709383).
LogModuleManager: Display: Found up-to-date module file ../../../Engine/Plugins/Runtime/Oculus/OculusVR/Binaries/Win64/UE4Editor-OculusEditor.dll (API version 3709383).
LogModuleManager: Display: Found up-to-date module file ../../../Engine/Plugins/Runtime/PhysXVehicles/Binaries/Win64/UE4Editor-PhysXVehicles.dll (API version 3709383).
LogModuleManager: Display: Found up-to-date module file ../../../Engine/Plugins/Runtime/PhysXVehicles/Binaries/Win64/UE4Editor-PhysXVehiclesEditor.dll (API version 3709383).
LogModuleManager: Display: Found up-to-date module file ../../../Engine/Plugins/Runtime/ProceduralMeshComponent/Binaries/Win64/UE4Editor-ProceduralMeshComponent.dll (API version 3709383).
LogModuleManager: Display: Found up-to-date module file ../../../Engine/Plugins/Runtime/ProceduralMeshComponent/Binaries/Win64/UE4Editor-ProceduralMeshComponentEditor.dll (API version 3709383).
LogModuleManager: Display: Found up-to-date module file ../../../Engine/Plugins/Runtime/RuntimePhysXCooking/Binaries/Win64/UE4Editor-RuntimePhysXCooking.dll (API version 3709383).
LogModuleManager: Display: Found up-to-date module file ../../../Engine/Plugins/Runtime/Steam/SteamVR/Binaries/Win64/UE4Editor-SteamVR.dll (API version 3709383).
LogModuleManager: Display: Found up-to-date module file ../../../Engine/Plugins/Runtime/Steam/SteamVR/Binaries/Win64/UE4Editor-SteamVRController.dll (API version 3709383).
LogModuleManager: Display: Found up-to-date module file ../../../Engine/Plugins/Runtime/WindowsMoviePlayer/Binaries/Win64/UE4Editor-WindowsMoviePlayer.dll (API version 3709383).
LogPluginManager: Mounting plugin Paper2D
LogPluginManager: Mounting plugin LightPropagationVolume
LogPluginManager: Mounting plugin CodeLiteSourceCodeAccess
LogPluginManager: Mounting plugin GitSourceControl
LogPluginManager: Mounting plugin KDevelopSourceCodeAccess
LogPluginManager: Mounting plugin NullSourceCodeAccess
LogPluginManager: Mounting plugin PerforceSourceControl
LogPluginManager: Mounting plugin SubversionSourceControl
LogPluginManager: Mounting plugin UObjectPlugin
LogPluginManager: Mounting plugin VisualStudioCodeSourceCodeAccess
LogPluginManager: Mounting plugin VisualStudioSourceCodeAccess
LogPluginManager: Mounting plugin XCodeSourceCodeAccess
LogPluginManager: Mounting plugin AssetManagerEditor
LogPluginManager: Mounting plugin AudioCapture
LogPluginManager: Mounting plugin FacialAnimation
LogPluginManager: Mounting plugin GameplayTagsEditor
LogPluginManager: Mounting plugin MobileLauncherProfileWizard
LogPluginManager: Mounting plugin PluginBrowser
LogPluginManager: Mounting plugin SpeedTreeImporter
LogPluginManager: Mounting plugin AlembicImporter
LogPluginManager: Mounting plugin CharacterAI
LogPluginManager: Mounting plugin HTML5Networking
LogPluginManager: Mounting plugin AndroidMedia
LogPluginManager: Mounting plugin AvfMedia
LogPluginManager: Mounting plugin ImgMedia
LogPluginManager: Mounting plugin MediaCompositing
LogPluginManager: Mounting plugin MediaPlayerEditor
LogPluginManager: Mounting plugin WmfMedia
LogPluginManager: Mounting plugin TcpMessaging
LogPluginManager: Mounting plugin UdpMessaging
LogPluginManager: Mounting plugin ActorSequence
LogPluginManager: Mounting plugin LevelSequenceEditor
LogPluginManager: Mounting plugin MatineeToLevelSequence
LogPluginManager: Mounting plugin OnlineSubsystemGooglePlay
LogPluginManager: Mounting plugin OnlineSubsystemIOS
LogPluginManager: Mounting plugin OnlineSubsystem
LogPluginManager: Mounting plugin OnlineSubsystemNull
LogPluginManager: Mounting plugin OnlineSubsystemUtils
LogPluginManager: Mounting plugin AndroidDeviceProfileSelector
LogPluginManager: Mounting plugin AndroidMoviePlayer
LogPluginManager: Mounting plugin AndroidPermission
LogPluginManager: Mounting plugin AppleARKit
LogPluginManager: Mounting plugin AppleMoviePlayer
LogPluginManager: Mounting plugin ArchVisCharacter
LogPluginManager: Mounting plugin CableComponent
LogPluginManager: Mounting plugin CustomMeshComponent
LogPluginManager: Mounting plugin ExampleDeviceProfileSelector
LogPluginManager: Mounting plugin GoogleCloudMessaging
LogPluginManager: Mounting plugin ImmediatePhysics
LogPluginManager: Mounting plugin IOSDeviceProfileSelector
LogPluginManager: Mounting plugin LinuxDeviceProfileSelector
LogPluginManager: Mounting plugin LocationServicesBPLibrary
LogPluginManager: Mounting plugin MobilePatchingUtils
LogPluginManager: Mounting plugin OculusVR
LogPluginManager: Plugin shader directory ../../../Engine/Plugins/Runtime/Oculus/OculusVR/Shaders found
LogPluginManager: Mapping shader source directory ../../../Engine/Plugins/Runtime/Oculus/OculusVR/Shaders to virtual directory /Plugin/OculusVR
LogPluginManager: Mounting plugin PhysXVehicles
LogPluginManager: Mounting plugin ProceduralMeshComponent
LogPluginManager: Mounting plugin RuntimePhysXCooking
LogPluginManager: Mounting plugin SteamVR
LogPluginManager: Mounting plugin WindowsMoviePlayer
LogInit: Using libcurl 7.47.1
LogInit:  - built for x86_64-pc-win32
LogInit:  - supports SSL with OpenSSL/1.0.2g
LogInit:  - supports HTTP deflate (compression) using libz 1.2.8
LogInit:  - other features:
LogInit:      CURL_VERSION_SSL
LogInit:      CURL_VERSION_LIBZ
LogInit:      CURL_VERSION_IPV6
LogInit:      CURL_VERSION_ASYNCHDNS
LogInit:      CURL_VERSION_LARGEFILE
LogInit:      CURL_VERSION_IDN
LogInit:  CurlRequestOptions (configurable via config and command line):
LogInit:  - bVerifyPeer = false  - Libcurl will NOT verify peer certificate
LogInit:  - bUseHttpProxy = false  - Libcurl will NOT use HTTP proxy
LogInit:  - bDontReuseConnections = false  - Libcurl will reuse connections
LogInit:  - CertBundlePath = nullptr  - Libcurl will use whatever was configured at build time.
LogInit: Build: ++UE4+Release-4.18-CL-3794801
LogInit: Engine Version: 4.18.2-3794801+++UE4+Release-4.18
LogInit: Compatible Engine Version: 4.18.0-3709383+++UE4+Release-4.18
LogInit: Net CL: 3709383
LogDevObjectVersion: Number of dev versions registered: 16
LogDevObjectVersion:   Dev-Blueprints (B0D832E4-1F89-4F0D-ACCF-7EB736FD4AA2): 10
LogDevObjectVersion:   Dev-Build (E1C64328-A22C-4D53-A36C-8E866417BD8C): 0
LogDevObjectVersion:   Dev-Core (375EC13C-06E4-48FB-B500-84F0262A717E): 2
LogDevObjectVersion:   Dev-Editor (E4B068ED-F494-42E9-A231-DA0B2E46BB41): 20
LogDevObjectVersion:   Dev-Framework (CFFC743F-43B0-4480-9391-14DF171D2073): 30
LogDevObjectVersion:   Dev-Mobile (B02B49B5-BB20-44E9-A304-32B752E40360): 0
LogDevObjectVersion:   Dev-Networking (A4E4105C-59A1-49B5-A7C5-40C4547EDFEE): 0
LogDevObjectVersion:   Dev-Online (39C831C9-5AE6-47DC-9A44-9C173E1C8E7C): 0
LogDevObjectVersion:   Dev-Physics (78F01B33-EBEA-4F98-B9B4-84EACCB95AA2): 0
LogDevObjectVersion:   Dev-Platform (6631380F-2D4D-43E0-8009-CF276956A95A): 0
LogDevObjectVersion:   Dev-Rendering (12F88B9F-8875-4AFC-A67C-D90C383ABD29): 20
LogDevObjectVersion:   Dev-Sequencer (7B5AE74C-D270-4C10-A958-57980B212A5A): 4
LogDevObjectVersion:   Dev-VR (D7296918-1DD6-4BDD-9DE2-64A83CC13884): 0
LogDevObjectVersion:   Dev-LoadTimes (C2A15278-BFE7-4AFE-6C17-90FF531DF755): 1
LogDevObjectVersion:   Private-Geometry (6EACA3D4-40EC-4CC1-B786-8BED09428FC5): 1
LogDevObjectVersion:   Dev-AnimPhys (29E575DD-E0A3-4627-9D10-D276232CDCEA): 12
LogInit: Compiled (64-bit): Dec  8 2017 02:04:53
LogInit: Compiled with Visual C++: 19.00.24215.01
LogInit: Build Configuration: Development
LogInit: Branch Name: ++UE4+Release-4.18
LogInit: Command line:  
LogInit: Base directory: C:/Program Files/Epic Games/UE_4.18/Engine/Binaries/Win64/
LogInit: Installed Engine Build: 1
LogInit: Presizing for max 8388607 objects, including 0 objects not considered by GC, pre-allocating 0 bytes for permanent pool.
LogInit: Object subsystem initialized
[2018.01.24-09.03.04:138][  0]LogInit: Selected Device Profile: [Windows]
[2018.01.24-09.03.04:138][  0]LogInit: Applying CVar settings loaded from the selected device profile: [Windows]
[2018.01.24-09.03.04:153][  0]LogInit: Computer: DESKTOP-RLNV9EP
[2018.01.24-09.03.04:153][  0]LogInit: User: Euan
[2018.01.24-09.03.04:153][  0]LogInit: CPU Page size=4096, Cores=2
[2018.01.24-09.03.04:153][  0]LogInit: High frequency timer resolution =2.343750 MHz
[2018.01.24-09.03.04:153][  0]LogMemory: Memory total: Physical=7.8GB (8GB approx)
[2018.01.24-09.03.04:153][  0]LogMemory: Platform Memory Stats for Windows
[2018.01.24-09.03.04:153][  0]LogMemory: Process Physical Memory: 271.64 MB used, 271.64 MB peak
[2018.01.24-09.03.04:153][  0]LogMemory: Process Virtual Memory: 269.17 MB used, 269.17 MB peak
[2018.01.24-09.03.04:153][  0]LogMemory: Physical Memory: 4545.16 MB used,  3485.68 MB free, 8030.84 MB total
[2018.01.24-09.03.04:153][  0]LogMemory: Virtual Memory: 639.91 MB used,  3485.68 MB free, 134217728.00 MB total
[2018.01.24-09.03.04:539][  0]LogInit: Using OS detected language (en-GB).
[2018.01.24-09.03.04:539][  0]LogInit: Using OS detected locale (en-GB).
[2018.01.24-09.03.04:545][  0]LogTextLocalizationManager: No specific localization for 'en-GB' exists, so the 'en' localization will be used.
[2018.01.24-09.03.05:221][  0]LogInit: Setting process to per monitor DPI aware
[2018.01.24-09.03.05:626][  0]LogD3D11RHI: D3D11 adapters:
[2018.01.24-09.03.05:635][  0]LogD3D11RHI:    0. 'Intel(R) HD Graphics 520' (Feature Level 11_0)
[2018.01.24-09.03.05:635][  0]LogD3D11RHI:       128/0/4015 MB DedicatedVideo/DedicatedSystem/SharedSystem, Outputs:1, VendorId:0x8086
[2018.01.24-09.03.05:638][  0]LogD3D11RHI:    1. 'Microsoft Basic Render Driver' (Feature Level 11_0)
[2018.01.24-09.03.05:638][  0]LogD3D11RHI:       0/0/4015 MB DedicatedVideo/DedicatedSystem/SharedSystem, Outputs:0, VendorId:0x1414
[2018.01.24-09.03.05:638][  0]LogD3D11RHI: Chosen D3D11 Adapter: 0
[2018.01.24-09.03.05:645][  0]LogD3D11RHI: Creating new Direct3DDevice
[2018.01.24-09.03.05:645][  0]LogD3D11RHI:     GPU DeviceId: 0x1916 (for the marketing name, search the web for "GPU Device Id")
[2018.01.24-09.03.05:646][  0]LogWindows: EnumDisplayDevices:
[2018.01.24-09.03.05:646][  0]LogWindows:    0. 'Intel(R) HD Graphics 520' (P:1 D:1)
[2018.01.24-09.03.05:646][  0]LogWindows:    1. 'Intel(R) HD Graphics 520' (P:0 D:0)
[2018.01.24-09.03.05:646][  0]LogWindows:    2. 'Intel(R) HD Graphics 520' (P:0 D:0)
[2018.01.24-09.03.05:646][  0]LogWindows: DebugString: FoundDriverCount:3 
[2018.01.24-09.03.05:647][  0]LogD3D11RHI:     Adapter Name: Intel(R) HD Graphics 520
[2018.01.24-09.03.05:647][  0]LogD3D11RHI:   Driver Version: 21.20.16.4727 (internal:21.20.16.4727, unified:21.20.16.4727)
[2018.01.24-09.03.05:647][  0]LogD3D11RHI:      Driver Date: 6-30-2017
[2018.01.24-09.03.05:647][  0]LogRHI: Texture pool is 1494 MB (70% of 2135 MB)
[2018.01.24-09.03.05:653][  0]LogD3D11RHI: Async texture creation enabled
[2018.01.24-09.03.05:660][  0]LogD3D11RHI: GPU Timing Frequency: 12.000000 (Debug: 2 0)
[2018.01.24-09.03.05:663][  0]LogShaderCompilers: Guid format shader working directory is -76 characters bigger than the processId version (../../../../../../Users/Euan/Documents/Unreal Projects/Unreal-Projects-Hons2D/Project-Z15-2D-Hons-Game/retroAestheticHons/Intermediate/Shaders/WorkingDirectory/2916/).
[2018.01.24-09.03.05:663][  0]LogShaderCompilers: Cleaned the shader compiler working directory 'C:/Users/Euan/AppData/Local/Temp/UnrealShaderWorkingDir/48D3E92C4157DAC0132F98893E57834D/'.
[2018.01.24-09.03.05:663][  0]LogShaderCompilers: Display: Using Local Shader Compiler.
[2018.01.24-09.03.07:229][  0]LogTemp: Display: Loaded TP AllDesktopTargetPlatform
[2018.01.24-09.03.07:345][  0]LogTemp: Display: Loaded TP MacClientTargetPlatform
[2018.01.24-09.03.07:458][  0]LogTemp: Display: Loaded TP MacNoEditorTargetPlatform
[2018.01.24-09.03.07:570][  0]LogTemp: Display: Loaded TP MacServerTargetPlatform
[2018.01.24-09.03.07:678][  0]LogTemp: Display: Loaded TP MacTargetPlatform
[2018.01.24-09.03.07:792][  0]LogTemp: Display: Loaded TP WindowsClientTargetPlatform
[2018.01.24-09.03.07:904][  0]LogTemp: Display: Loaded TP WindowsNoEditorTargetPlatform
[2018.01.24-09.03.08:017][  0]LogTemp: Display: Loaded TP WindowsServerTargetPlatform
[2018.01.24-09.03.08:122][  0]LogTemp: Display: Loaded TP WindowsTargetPlatform
[2018.01.24-09.03.08:232][  0]LogTemp: Display: Loaded TP Android_ASTCTargetPlatform
[2018.01.24-09.03.08:355][  0]LogTemp: Display: Loaded TP Android_ATCTargetPlatform
[2018.01.24-09.03.08:471][  0]LogTemp: Display: Loaded TP Android_DXTTargetPlatform
[2018.01.24-09.03.08:586][  0]LogTemp: Display: Loaded TP Android_ETC1TargetPlatform
[2018.01.24-09.03.08:702][  0]LogTemp: Display: Loaded TP Android_ETC2TargetPlatform
[2018.01.24-09.03.08:947][  0]LogTemp: Display: Loaded TP Android_MultiTargetPlatform
[2018.01.24-09.03.08:947][  0]LogTemp: Display: Loaded TP Android_PVRTCTargetPlatform
[2018.01.24-09.03.09:065][  0]LogTemp: Display: Loaded TP AndroidTargetPlatform
[2018.01.24-09.03.09:154][  0]LogTemp: Display: Loaded TP HTML5TargetPlatform
[2018.01.24-09.03.09:329][  0]LogTemp: Display: Loaded TP IOSTargetPlatform
[2018.01.24-09.03.09:395][  0]LogTemp: Display: Loaded TP TVOSTargetPlatform
[2018.01.24-09.03.09:511][  0]LogTemp: Display: Loaded TP LinuxClientTargetPlatform
[2018.01.24-09.03.09:626][  0]LogTemp: Display: Loaded TP LinuxNoEditorTargetPlatform
[2018.01.24-09.03.09:734][  0]LogTemp: Display: Loaded TP LinuxServerTargetPlatform
[2018.01.24-09.03.09:828][  0]LogTemp: Display: Loaded TP LinuxTargetPlatform
[2018.01.24-09.03.09:828][  0]LogTargetPlatformManager: Display: Building Assets For Windows
[2018.01.24-09.03.11:004][  0]LogDerivedDataCache: Display: Max Cache Size: 512 MB
[2018.01.24-09.03.11:150][  0]LogDerivedDataCache: Loaded boot cache 0.15s 78MB C:/Users/Euan/AppData/Local/UnrealEngine/4.18/DerivedDataCache/Boot.ddc.
[2018.01.24-09.03.11:150][  0]LogDerivedDataCache: Display: Loaded Boot cache: C:/Users/Euan/AppData/Local/UnrealEngine/4.18/DerivedDataCache/Boot.ddc
[2018.01.24-09.03.11:150][  0]LogDerivedDataCache: FDerivedDataBackendGraph:  Pak pak cache file ../../../../../../Users/Euan/Documents/Unreal Projects/Unreal-Projects-Hons2D/Project-Z15-2D-Hons-Game/retroAestheticHons/DerivedDataCache/DDC.ddp not found, will not use a pak cache.
[2018.01.24-09.03.11:150][  0]LogDerivedDataCache: Unable to find inner node Pak for hierarchical cache Hierarchy.
[2018.01.24-09.03.11:151][  0]LogDerivedDataCache: FDerivedDataBackendGraph:  CompressedPak pak cache file ../../../../../../Users/Euan/Documents/Unreal Projects/Unreal-Projects-Hons2D/Project-Z15-2D-Hons-Game/retroAestheticHons/DerivedDataCache/Compressed.ddp not found, will not use a pak cache.
[2018.01.24-09.03.11:151][  0]LogDerivedDataCache: Unable to find inner node CompressedPak for hierarchical cache Hierarchy.
[2018.01.24-09.03.11:182][  0]LogDerivedDataCache: Display: Pak cache opened for reading ../../../Engine/DerivedDataCache/Compressed.ddp.
[2018.01.24-09.03.11:195][  0]LogDerivedDataCache: Using Local data cache path C:/Users/Euan/AppData/Local/UnrealEngine/Common/DerivedDataCache: Writable
[2018.01.24-09.03.11:215][  0]LogMaterial: Verifying Global Shaders for PCD3D_SM5
[2018.01.24-09.03.11:216][  0]LogSlate: Using Freetype 2.6.0
[2018.01.24-09.03.11:216][  0]LogSlate: SlateFontCache - WITH_FREETYPE: 1, WITH_HARFBUZZ: 1
[2018.01.24-09.03.11:217][  0]LogSlate: SlateFontCache - WITH_FREETYPE: 1, WITH_HARFBUZZ: 1
[2018.01.24-09.03.11:802][  0]LogInit: Selected Device Profile: [Windows]
[2018.01.24-09.03.12:533][  0]LogSimplygon: Simplygon DLL not present - disabling.
[2018.01.24-09.03.12:632][  0]LogMeshReduction: Using SimplygonSwarm for distributed automatic mesh merging
[2018.01.24-09.03.12:632][  0]LogMeshReduction: Using QuadricMeshReduction for automatic static mesh reduction
[2018.01.24-09.03.12:632][  0]LogMeshReduction: No automatic skeletal mesh reduction module available
[2018.01.24-09.03.12:632][  0]LogMeshReduction: No automatic mesh merging module available
[2018.01.24-09.03.12:632][  0]LogMeshMerging: No automatic mesh merging module available
[2018.01.24-09.03.12:676][  0]LogNetVersion: retroAestheticHons , NetCL: 3709383, EngineNetVer: 2, GameNetVer: 0 (Checksum: 883974791)
[2018.01.24-09.03.13:011][  0]LogAssetRegistry: FAssetRegistry took 0.0297 seconds to start up
[2018.01.24-09.03.14:020][  0]LogPackageLocalizationCache: Processed 7 localized package path(s) for 2 prioritized culture(s) in 0.138401 seconds
[2018.01.24-09.03.14:030][  0]LogUObjectArray: 35900 objects as part of root set at end of initial load.
[2018.01.24-09.03.14:030][  0]LogUObjectAllocator: 7372024 out of 0 bytes used by permanent object pool.
[2018.01.24-09.03.14:030][  0]LogUObjectArray: CloseDisregardForGC: 0/0 objects in disregard for GC pool
[2018.01.24-09.03.14:183][  0]LogInit: WinSock: version 1.1 (2.2), MaxSocks=32767, MaxUdp=65467
[2018.01.24-09.03.19:062][  0]LogTcpMessaging: Initializing TcpMessaging bridge
[2018.01.24-09.03.19:141][  0]LogUdpMessaging: Initializing bridge on interface 0.0.0.0:0 to multicast group 230.0.0.1:6666.
[2018.01.24-09.03.21:387][  0]LogMaterial: Uniform references updated for custom material expression Custom.
[2018.01.24-09.03.22:465][  0]SourceControl: Source control is disabled
[2018.01.24-09.03.22:465][  0]SourceControl: Source control is disabled
[2018.01.24-09.03.22:597][  0]SourceControl: Source control is disabled
[2018.01.24-09.03.22:784][  0]SourceControl: Source control is disabled
[2018.01.24-09.03.25:315][  0]LogAndroidPermission: UAndroidPermissionCallbackProxy::GetInstance
[2018.01.24-09.03.25:963][  0]LogOcInput: OculusInput pre-init called
[2018.01.24-09.03.26:659][  0]LogEngine: Initializing Engine...
[2018.01.24-09.03.26:663][  0]LogHMD: Failed to initialize OpenVR with code 110
[2018.01.24-09.03.27:186][  0]LogStats: UGameplayTagsManager::ConstructGameplayTagTree: Construct from data asset -  0.000 s
[2018.01.24-09.03.27:187][  0]LogStats: UGameplayTagsManager::ConstructGameplayTagTree: GameplayTagTreeChangedEvent.Broadcast -  0.000 s
[2018.01.24-09.03.27:549][  0]LogAIModule: Creating AISystem for world Untitled
[2018.01.24-09.03.27:565][  0]LogInit: XAudio2 using 'Speaker/HP (Realtek High Definition Audio)' : 2 channels at 48 kHz using 32 bits per sample (channel mask 0x3)
[2018.01.24-09.03.27:859][  0]LogInit: FAudioDevice initialized.
[2018.01.24-09.03.28:000][  0]LogDerivedDataCache: Saved boot cache 0.14s 78MB C:/Users/Euan/AppData/Local/UnrealEngine/4.18/DerivedDataCache/Boot.ddc.
[2018.01.24-09.03.28:009][  0]LogInit: Texture streaming: Enabled
[2018.01.24-09.03.28:329][  0]LogEngineSessionManager: EngineSessionManager initialized
[2018.01.24-09.03.28:747][  0]LogInit: Transaction tracking system initialized
[2018.01.24-09.03.29:681][  0]BlueprintLog: New page: Editor Load
[2018.01.24-09.03.32:109][  0]LocalizationService: Localization service is disabled
[2018.01.24-09.03.34:507][  0]LogConsoleResponse: Display: 
[2018.01.24-09.03.34:891][  0]LogCook: Display: Max memory allowance for cook 16384mb min free memory 0mb
[2018.01.24-09.03.34:891][  0]LogCook: Display: Mobile HDR setting 1
[2018.01.24-09.03.34:891][  0]LogGameplayTags: Display: UGameplayTagsManager::DoneAddingNativeTags. DelegateIsBound: 0
[2018.01.24-09.03.35:514][  0]LogFileCache: Scanning file cache for directory 'C:/Users/Euan/Documents/Unreal Projects/Unreal-Projects-Hons2D/Project-Z15-2D-Hons-Game/retroAestheticHons/Content/' took 0.02s
[2018.01.24-09.03.38:005][  0]SourceControl: Source control is disabled
[2018.01.24-09.03.38:006][  0]LightingResults: New page: Lighting Build
[2018.01.24-09.03.38:126][  0]MapCheck: New page: Map Check
[2018.01.24-09.03.38:126][  0]LightingResults: New page: Lighting Build
[2018.01.24-09.03.38:935][  0]LogTexture: Display: Building textures: shield (AutoDXT, 320X32)
[2018.01.24-09.03.38:935][  0]LogTexture: Display: Building textures: energy_shoot (AutoDXT, 640X12)
[2018.01.24-09.03.38:935][  0]LogTexture: Display: Building textures: healthup (AutoDXT, 128X32)
[2018.01.24-09.03.39:154][  0]LogAudioDerivedData: Display: Building compressed audio format OGG wave fire...
[2018.01.24-09.03.39:172][  0]LogAudioDerivedData: Display: Building compressed audio format OGG wave build...
[2018.01.24-09.03.39:395][  0]LogAIModule: Creating AISystem for world retroAestheticHons
[2018.01.24-09.03.39:427][  0]LogEditorServer: Finished looking for orphan Actors (0.000 secs)
[2018.01.24-09.03.39:466][  0]Cmd: MAP CHECKDEP NOCLEARLOG
[2018.01.24-09.03.39:600][  0]MapCheck: Map check complete: 0 Error(s), 0 Warning(s), took 133.636ms to complete.
[2018.01.24-09.03.39:600][  0]LogFileHelpers: Loading map 'retroAestheticHons' took 1.595
[2018.01.24-09.03.40:322][  0]LogCollectionManager: Loaded 0 collections in 0.006871 seconds
[2018.01.24-09.03.40:489][  0]LogFileCache: Scanning file cache for directory 'C:/Users/Euan/Documents/Unreal Projects/Unreal-Projects-Hons2D/Project-Z15-2D-Hons-Game/retroAestheticHons/Saved/Collections/' took 0.01s
[2018.01.24-09.03.40:489][  0]LogFileCache: Scanning file cache for directory 'C:/Users/Euan/Documents/Unreal Projects/Unreal-Projects-Hons2D/Project-Z15-2D-Hons-Game/retroAestheticHons/Content/Developers/Euan/Collections/' took 0.01s
[2018.01.24-09.03.40:489][  0]LogFileCache: Scanning file cache for directory 'C:/Users/Euan/Documents/Unreal Projects/Unreal-Projects-Hons2D/Project-Z15-2D-Hons-Game/retroAestheticHons/Content/Collections/' took 0.01s
[2018.01.24-09.03.40:489][  0]LogCollectionManager: Rebuilt the GUID cache for 0 collections in 0.000000 seconds
[2018.01.24-09.03.40:502][  0]LogContentBrowser: Native class hierarchy populated in 0.0125 seconds. Added 2363 classes and 519 folders.
[2018.01.24-09.03.40:722][  0]LogContentBrowser: Native class hierarchy updated for 'WidgetCarousel' in 0.0005 seconds. Added 0 classes and 0 folders.
[2018.01.24-09.03.41:905][  0]LogContentBrowser: Native class hierarchy updated for 'AddContentDialog' in 0.0012 seconds. Added 0 classes and 0 folders.
[2018.01.24-09.03.42:143][  0]LogContentBrowser: Native class hierarchy updated for 'SceneOutliner' in 0.0004 seconds. Added 1 classes and 2 folders.
[2018.01.24-09.03.42:220][  0]LogSlate: Took 0.000443 seconds to synchronously load lazily loaded font '../../../Engine/Content/Slate/Fonts/Roboto-Regular.ttf' (155K)
[2018.01.24-09.03.42:224][  0]LogSlate: Took 0.000456 seconds to synchronously load lazily loaded font '../../../Engine/Content/Slate/Fonts/Roboto-Bold.ttf' (160K)
[2018.01.24-09.03.42:249][  0]LogSlate: Took 0.012117 seconds to synchronously load lazily loaded font '../../../Engine/Content/Editor/Slate/Fonts/FontAwesome.ttf' (139K)
[2018.01.24-09.03.42:685][  0]LogRenderer: Reallocating scene render targets to support 856x372 Format 9 NumSamples 1 (Frame:1).
[2018.01.24-09.03.43:101][  0]LogSlate: Took 0.011866 seconds to synchronously load lazily loaded font '../../../Engine/Content/Slate/Fonts/Roboto-Light.ttf' (159K)
[2018.01.24-09.03.43:438][  0]LogContentBrowser: Native class hierarchy updated for 'HierarchicalLODOutliner' in 0.0004 seconds. Added 1 classes and 2 folders.
[2018.01.24-09.03.43:438][  0]LogLoad: (Engine Initialization) Total time: 44.55 seconds
[2018.01.24-09.03.43:438][  0]LogLoad: (Engine Initialization) Total Blueprint compile time: 0.00 seconds
[2018.01.24-09.03.43:439][  0]LogExternalProfiler: No external profilers were discovered.  External profiling features will not be available.
[2018.01.24-09.03.43:799][  0]LogContentStreaming: Texture pool size now 400 MB
[2018.01.24-09.03.44:127][  1]LogAssetRegistry: Asset discovery search completed in 31.1382 seconds
[2018.01.24-09.03.44:129][  1]LogCollectionManager: Rebuilt the object cache for 0 collections in 0.000002 seconds (found 0 objects)
[2018.01.24-09.03.44:130][  1]LogCollectionManager: Fixed up redirectors for 0 collections in 0.000101 seconds (updated 0 objects)
[2018.01.24-09.03.55:703][435]LogSlate: Took 0.000271 seconds to synchronously load lazily loaded font '../../../Engine/Content/Slate/Fonts/Roboto-Light.ttf' (159K)
[2018.01.24-09.03.56:360][435]LogSlate: Took 0.001037 seconds to synchronously load lazily loaded font '../../../Engine/Content/Slate/Fonts/Roboto-Regular.ttf' (155K)
[2018.01.24-09.03.56:621][435]LogContentBrowser: Native class hierarchy updated for 'BlueprintGraph' in 0.0008 seconds. Added 116 classes and 0 folders.
[2018.01.24-09.03.58:420][435]LogSlate: Took 0.031313 seconds to synchronously load lazily loaded font '../../../Engine/Content/Editor/Slate/Fonts/Roboto-BoldCondensed.ttf' (158K)
[2018.01.24-09.03.58:794][436]LogSlate: Took 0.003089 seconds to synchronously load lazily loaded font '../../../Engine/Content/Editor/Slate/Fonts/Roboto-Italic.ttf' (157K)
[2018.01.24-09.06.21:224][227]LogSlate: Took 0.016028 seconds to synchronously load lazily loaded font '../../../Engine/Content/Editor/Slate/Fonts/Roboto-BoldCondensedItalic.ttf' (160K)
[2018.01.24-09.06.25:571][305]BlueprintLog: New page: Compile Z15
[2018.01.24-09.06.27:513][317]LogSavePackage: Save=382.59ms
[2018.01.24-09.06.27:513][317]LogSavePackage: Moving '../../../../../../Users/Euan/Documents/Unreal Projects/Unreal-Projects-Hons2D/Project-Z15-2D-Hons-Game/retroAestheticHons/Saved/Z15242BA26B4178C5E33018EB81F496BA64.tmp' to '../../../../../../Users/Euan/Documents/Unreal Projects/Unreal-Projects-Hons2D/Project-Z15-2D-Hons-Game/retroAestheticHons/Content/BluePrint/Z15.uasset'
[2018.01.24-09.06.27:519][317]LogSavePackage: Display: Finished SavePackage ../../../../../../Users/Euan/Documents/Unreal Projects/Unreal-Projects-Hons2D/Project-Z15-2D-Hons-Game/retroAestheticHons/Content/BluePrint/Z15.uasset
[2018.01.24-09.07.09:503][480]BlueprintLog: New page: Compile Z15
[2018.01.24-09.07.11:280][501]LogSavePackage: Save=382.41ms
[2018.01.24-09.07.11:280][501]LogSavePackage: Moving '../../../../../../Users/Euan/Documents/Unreal Projects/Unreal-Projects-Hons2D/Project-Z15-2D-Hons-Game/retroAestheticHons/Saved/Z157F9BCE6048BE69891EF7EFA74B632F10.tmp' to '../../../../../../Users/Euan/Documents/Unreal Projects/Unreal-Projects-Hons2D/Project-Z15-2D-Hons-Game/retroAestheticHons/Content/BluePrint/Z15.uasset'
[2018.01.24-09.07.11:284][501]LogSavePackage: Display: Finished SavePackage ../../../../../../Users/Euan/Documents/Unreal Projects/Unreal-Projects-Hons2D/Project-Z15-2D-Hons-Game/retroAestheticHons/Content/BluePrint/Z15.uasset
[2018.01.24-09.07.32:191][157]BlueprintLog: New page: Compile Z15
[2018.01.24-09.07.34:862][157]LogSavePackage: Save=350.96ms
[2018.01.24-09.07.34:862][157]LogSavePackage: Moving '../../../../../../Users/Euan/Documents/Unreal Projects/Unreal-Projects-Hons2D/Project-Z15-2D-Hons-Game/retroAestheticHons/Saved/Z1568C9C3D54F29159E7B3C3E823ABD56FF.tmp' to '../../../../../../Users/Euan/Documents/Unreal Projects/Unreal-Projects-Hons2D/Project-Z15-2D-Hons-Game/retroAestheticHons/Content/BluePrint/Z15.uasset'
[2018.01.24-09.07.34:866][157]LogSavePackage: Display: Finished SavePackage ../../../../../../Users/Euan/Documents/Unreal Projects/Unreal-Projects-Hons2D/Project-Z15-2D-Hons-Game/retroAestheticHons/Content/BluePrint/Z15.uasset
[2018.01.24-09.08.14:342][255]LogSavePackage: Save=475.75ms
[2018.01.24-09.08.14:342][255]LogSavePackage: Moving '../../../../../../Users/Euan/Documents/Unreal Projects/Unreal-Projects-Hons2D/Project-Z15-2D-Hons-Game/retroAestheticHons/Saved/Z1564AED6834E34BDE14C3F2DB6E217FCA9.tmp' to '../../../../../../Users/Euan/Documents/Unreal Projects/Unreal-Projects-Hons2D/Project-Z15-2D-Hons-Game/retroAestheticHons/Content/BluePrint/Z15.uasset'
[2018.01.24-09.08.14:348][255]LogSavePackage: Display: Finished SavePackage ../../../../../../Users/Euan/Documents/Unreal Projects/Unreal-Projects-Hons2D/Project-Z15-2D-Hons-Game/retroAestheticHons/Content/BluePrint/Z15.uasset
[2018.01.24-09.09.41:360][473]BlueprintLog: New page: Compile BR74
[2018.01.24-09.09.41:512][473]LogBlueprint: Error: [Compiler BR74] This blueprint (self) is not a Z15_C, therefore ' Target ' must have a connection.
[2018.01.24-09.09.41:516][473]LogBlueprint: Error: [Compiler BR74] Variable node  Set BR74KillCount  uses an invalid target.  It may depend on a node that is not connected to the execution chain, and got purged.
[2018.01.24-09.09.41:731][473]LogBlueprint: Warning: [Compiler BR74] [0402.84] Compile of BR74 failed. 2 Fatal Issue(s) 0 Warning(s) [in 371 ms] (/Game/BluePrint/BR74.BR74)
[2018.01.24-09.09.49:385][732]BlueprintLog: New page: Compile BR74
[2018.01.24-09.09.50:639][746]LogSavePackage: Save=276.55ms
[2018.01.24-09.09.50:639][746]LogSavePackage: Moving '../../../../../../Users/Euan/Documents/Unreal Projects/Unreal-Projects-Hons2D/Project-Z15-2D-Hons-Game/retroAestheticHons/Saved/BR74C71E0B8C458ED3FAFA76DA85ADE18EE4.tmp' to '../../../../../../Users/Euan/Documents/Unreal Projects/Unreal-Projects-Hons2D/Project-Z15-2D-Hons-Game/retroAestheticHons/Content/BluePrint/BR74.uasset'
[2018.01.24-09.09.50:644][746]LogSavePackage: Display: Finished SavePackage ../../../../../../Users/Euan/Documents/Unreal Projects/Unreal-Projects-Hons2D/Project-Z15-2D-Hons-Game/retroAestheticHons/Content/BluePrint/BR74.uasset
[2018.01.24-09.12.45:906][964]BlueprintLog: New page: Compile gameInstance
[2018.01.24-09.12.47:276][  1]LogSavePackage: Save=5.55ms
[2018.01.24-09.12.47:276][  1]LogSavePackage: Moving '../../../../../../Users/Euan/Documents/Unreal Projects/Unreal-Projects-Hons2D/Project-Z15-2D-Hons-Game/retroAestheticHons/Saved/gameInstance5C853EF141B6504F76C68B9F4E82DE42.tmp' to '../../../../../../Users/Euan/Documents/Unreal Projects/Unreal-Projects-Hons2D/Project-Z15-2D-Hons-Game/retroAestheticHons/Content/BluePrint/gameInstance.uasset'
[2018.01.24-09.12.47:281][  1]LogSavePackage: Display: Finished SavePackage ../../../../../../Users/Euan/Documents/Unreal Projects/Unreal-Projects-Hons2D/Project-Z15-2D-Hons-Game/retroAestheticHons/Content/BluePrint/gameInstance.uasset
[2018.01.24-09.13.48:918][565]BlueprintLog: New page: Compile Z15
[2018.01.24-09.13.49:226][565]LogBlueprint: Error: [Compiler Z15] This blueprint (self) is not a gameInstance_C, therefore ' Target ' must have a connection.
[2018.01.24-09.13.49:229][565]LogBlueprint: Error: [Compiler Z15] Variable node  Set InsBR74KillCount  uses an invalid target.  It may depend on a node that is not connected to the execution chain, and got purged.
[2018.01.24-09.13.49:665][565]LogBlueprint: Warning: [Compiler Z15] [0650.77] Compile of Z15 failed. 2 Fatal Issue(s) 0 Warning(s) [in 746 ms] (/Game/BluePrint/Z15.Z15)
[2018.01.24-09.13.50:935][586]LogSavePackage: Save=364.38ms
[2018.01.24-09.13.50:935][586]LogSavePackage: Moving '../../../../../../Users/Euan/Documents/Unreal Projects/Unreal-Projects-Hons2D/Project-Z15-2D-Hons-Game/retroAestheticHons/Saved/Z157D7B550E44B2CEC04F58A79CF7832B00.tmp' to '../../../../../../Users/Euan/Documents/Unreal Projects/Unreal-Projects-Hons2D/Project-Z15-2D-Hons-Game/retroAestheticHons/Content/BluePrint/Z15.uasset'
[2018.01.24-09.13.50:942][586]LogSavePackage: Display: Finished SavePackage ../../../../../../Users/Euan/Documents/Unreal Projects/Unreal-Projects-Hons2D/Project-Z15-2D-Hons-Game/retroAestheticHons/Content/BluePrint/Z15.uasset
[2018.01.24-09.13.56:291][737]BlueprintLog: New page: Compile Z15
[2018.01.24-09.13.58:028][757]LogSavePackage: Save=370.93ms
[2018.01.24-09.13.58:028][757]LogSavePackage: Moving '../../../../../../Users/Euan/Documents/Unreal Projects/Unreal-Projects-Hons2D/Project-Z15-2D-Hons-Game/retroAestheticHons/Saved/Z1579CD310F4795155A72EAB8A46BE57915.tmp' to '../../../../../../Users/Euan/Documents/Unreal Projects/Unreal-Projects-Hons2D/Project-Z15-2D-Hons-Game/retroAestheticHons/Content/BluePrint/Z15.uasset'
[2018.01.24-09.13.58:032][757]LogSavePackage: Display: Finished SavePackage ../../../../../../Users/Euan/Documents/Unreal Projects/Unreal-Projects-Hons2D/Project-Z15-2D-Hons-Game/retroAestheticHons/Content/BluePrint/Z15.uasset
[2018.01.24-09.16.35:177][228]LogSlate: Took 0.022293 seconds to synchronously load lazily loaded font '../../../Engine/Content/Slate/Fonts/Roboto-Light.ttf' (159K)
[2018.01.24-09.16.44:819][452]LogSavePackage: Save=134.87ms
[2018.01.24-09.16.44:819][452]LogSavePackage: Moving '../../../../../../Users/Euan/Documents/Unreal Projects/Unreal-Projects-Hons2D/Project-Z15-2D-Hons-Game/retroAestheticHons/Saved/retroAestheticHons_Auto1C7690A8649A592245E3D968E5B1F7EDE.tmp' to '../../../../../../Users/Euan/Documents/Unreal Projects/Unreal-Projects-Hons2D/Project-Z15-2D-Hons-Game/retroAestheticHons/Saved/Autosaves/Game/retroAestheticHons_Auto1.umap'
[2018.01.24-09.16.44:825][452]LogSavePackage: Display: Finished SavePackage ../../../../../../Users/Euan/Documents/Unreal Projects/Unreal-Projects-Hons2D/Project-Z15-2D-Hons-Game/retroAestheticHons/Saved/Autosaves/Game/retroAestheticHons_Auto1.umap
[2018.01.24-09.16.45:064][452]LogFileHelpers: Editor autosave (incl. sublevels) for '/Game/retroAestheticHons' took 0.843
[2018.01.24-09.16.45:064][452]LogFileHelpers: Editor autosave (incl. sublevels) for all levels took 0.843
[2018.01.24-09.16.45:090][452]OBJ SavePackage: Generating thumbnails for [0] asset(s) in package [/Game/BluePrint/Z15] ([1] browsable assets)...
[2018.01.24-09.16.45:090][452]OBJ SavePackage: Finished generating thumbnails for package [/Game/BluePrint/Z15]
[2018.01.24-09.16.45:722][452]LogSavePackage: Save=417.50ms
[2018.01.24-09.16.45:722][452]LogSavePackage: Moving '../../../../../../Users/Euan/Documents/Unreal Projects/Unreal-Projects-Hons2D/Project-Z15-2D-Hons-Game/retroAestheticHons/Saved/Z15_Auto129A38CD44F3FC81D3A5D7DB4B1C81F2A.tmp' to '../../../../../../Users/Euan/Documents/Unreal Projects/Unreal-Projects-Hons2D/Project-Z15-2D-Hons-Game/retroAestheticHons/Saved/Autosaves/Game/BluePrint/Z15_Auto1.uasset'
[2018.01.24-09.16.45:724][452]LogSavePackage: Display: Finished SavePackage ../../../../../../Users/Euan/Documents/Unreal Projects/Unreal-Projects-Hons2D/Project-Z15-2D-Hons-Game/retroAestheticHons/Saved/Autosaves/Game/BluePrint/Z15_Auto1.uasset
[2018.01.24-09.16.45:724][452]LogFileHelpers: Auto-saving content packages took 0.654
[2018.01.24-09.17.02:872][881]LogSavePackage: Save=491.97ms
[2018.01.24-09.17.02:872][881]LogSavePackage: Moving '../../../../../../Users/Euan/Documents/Unreal Projects/Unreal-Projects-Hons2D/Project-Z15-2D-Hons-Game/retroAestheticHons/Saved/Z1535AFD919477BA9E159736D95FC36AEB7.tmp' to '../../../../../../Users/Euan/Documents/Unreal Projects/Unreal-Projects-Hons2D/Project-Z15-2D-Hons-Game/retroAestheticHons/Content/BluePrint/Z15.uasset'
[2018.01.24-09.17.02:876][881]LogSavePackage: Display: Finished SavePackage ../../../../../../Users/Euan/Documents/Unreal Projects/Unreal-Projects-Hons2D/Project-Z15-2D-Hons-Game/retroAestheticHons/Content/BluePrint/Z15.uasset
[2018.01.24-09.17.54:621][279]BlueprintLog: New page: Compile Z15
[2018.01.24-09.17.56:423][289]LogSavePackage: Save=455.56ms
[2018.01.24-09.17.56:423][289]LogSavePackage: Moving '../../../../../../Users/Euan/Documents/Unreal Projects/Unreal-Projects-Hons2D/Project-Z15-2D-Hons-Game/retroAestheticHons/Saved/Z15186D5161411231D6BE071383978B26E4.tmp' to '../../../../../../Users/Euan/Documents/Unreal Projects/Unreal-Projects-Hons2D/Project-Z15-2D-Hons-Game/retroAestheticHons/Content/BluePrint/Z15.uasset'
[2018.01.24-09.17.56:427][289]LogSavePackage: Display: Finished SavePackage ../../../../../../Users/Euan/Documents/Unreal Projects/Unreal-Projects-Hons2D/Project-Z15-2D-Hons-Game/retroAestheticHons/Content/BluePrint/Z15.uasset
[2018.01.24-09.18.57:780][653]LogActorComponent: UnregisterComponent: (/Engine/Transient.EditorFloorComp) Not registered. Aborting.
[2018.01.24-09.19.03:505][653]LogSavePackage: Save=245.77ms
[2018.01.24-09.19.03:506][653]LogSavePackage: Moving '../../../../../../Users/Euan/Documents/Unreal Projects/Unreal-Projects-Hons2D/Project-Z15-2D-Hons-Game/retroAestheticHons/Saved/retroAestheticHons265B186F4454D596BC478F88EA3BAD99.tmp' to '../../../../../../Users/Euan/Documents/Unreal Projects/Unreal-Projects-Hons2D/Project-Z15-2D-Hons-Game/retroAestheticHons/Content/retroAestheticHons.umap'
[2018.01.24-09.19.03:513][653]LogSavePackage: Display: Finished SavePackage ../../../../../../Users/Euan/Documents/Unreal Projects/Unreal-Projects-Hons2D/Project-Z15-2D-Hons-Game/retroAestheticHons/Content/retroAestheticHons.umap
[2018.01.24-09.19.04:153][653]LogSavePackage: Save=110.18ms
[2018.01.24-09.19.04:154][653]LogSavePackage: Moving '../../../../../../Users/Euan/Documents/Unreal Projects/Unreal-Projects-Hons2D/Project-Z15-2D-Hons-Game/retroAestheticHons/Saved/retroAestheticHons_BuiltData1F40765A43AB7D6F4EBC329F3B047CBA.tmp' to '../../../../../../Users/Euan/Documents/Unreal Projects/Unreal-Projects-Hons2D/Project-Z15-2D-Hons-Game/retroAestheticHons/Content/retroAestheticHons_BuiltData.uasset'
[2018.01.24-09.19.04:172][653]LogSavePackage: Display: Finished SavePackage ../../../../../../Users/Euan/Documents/Unreal Projects/Unreal-Projects-Hons2D/Project-Z15-2D-Hons-Game/retroAestheticHons/Content/retroAestheticHons_BuiltData.uasset
[2018.01.24-09.19.06:708][740]LogWindowsTextInputMethodSystem: Display: IME system now deactivated.
[2018.01.24-09.19.07:116][741]Cmd: QUIT_EDITOR
[2018.01.24-09.19.07:228][741]LogExit: Preparing to exit.
[2018.01.24-09.19.07:939][741]LogDirectoryWatcher: A directory notification for 'C:/Users/Euan/Documents/Unreal Projects/Unreal-Projects-Hons2D/Project-Z15-2D-Hons-Game/retroAestheticHons/Content/' was aborted.
[2018.01.24-09.19.08:053][741]LogExit: Editor shut down
[2018.01.24-09.19.08:078][741]LogExit: Transaction tracking system shut down
[2018.01.24-09.19.08:352][741]LogDirectoryWatcher: A directory notification for '../../../Engine/Content/' was aborted.
[2018.01.24-09.19.08:352][741]LogDirectoryWatcher: A directory notification for '../../../../../../Users/Euan/Documents/Unreal Projects/Unreal-Projects-Hons2D/Project-Z15-2D-Hons-Game/retroAestheticHons/Content/' was aborted.
[2018.01.24-09.19.08:352][741]LogDirectoryWatcher: A directory notification for '../../../Engine/Plugins/2D/Paper2D/Content/' was aborted.
[2018.01.24-09.19.08:353][741]LogDirectoryWatcher: A directory notification for '../../../Engine/Plugins/Media/MediaCompositing/Content/' was aborted.
[2018.01.24-09.19.08:353][741]LogDirectoryWatcher: A directory notification for '../../../Engine/Plugins/Runtime/AppleARKit/Content/' was aborted.
[2018.01.24-09.19.08:353][741]LogDirectoryWatcher: A directory notification for '../../../Engine/Plugins/Runtime/Oculus/OculusVR/Content/' was aborted.
[2018.01.24-09.19.08:353][741]LogDirectoryWatcher: A directory notification for '../../../Engine/Plugins/Runtime/Steam/SteamVR/Content/' was aborted.
[2018.01.24-09.19.08:590][741]LogExit: Object subsystem successfully closed.
[2018.01.24-09.19.08:632][741]LogD3D11RHI: Shutdown
[2018.01.24-09.19.08:633][741]LogD3D11RHI: CleanupD3DDevice
[2018.01.24-09.19.08:723][741]LogD3D11RHI: ~FD3D11DynamicRHI
[2018.01.24-09.19.08:790][741]LogModuleManager: Shutting down and abandoning module BlueprintGraph (550)
[2018.01.24-09.19.08:790][741]LogModuleManager: Shutting down and abandoning module HierarchicalLODOutliner (548)
[2018.01.24-09.19.08:790][741]LogModuleManager: Shutting down and abandoning module SceneOutliner (546)
[2018.01.24-09.19.08:790][741]LogModuleManager: Shutting down and abandoning module AddContentDialog (544)
[2018.01.24-09.19.08:790][741]LogDirectoryWatcher: A directory notification for 'C:/Program Files/Epic Games/UE_4.18/FeaturePacks/' was aborted.
[2018.01.24-09.19.08:792][741]LogModuleManager: Shutting down and abandoning module WidgetCarousel (543)
[2018.01.24-09.19.08:792][741]LogModuleManager: Shutting down and abandoning module EditorWidgets (540)
[2018.01.24-09.19.08:792][741]LogModuleManager: Shutting down and abandoning module CollectionManager (538)
[2018.01.24-09.19.08:792][741]LogDirectoryWatcher: A directory notification for 'C:/Users/Euan/Documents/Unreal Projects/Unreal-Projects-Hons2D/Project-Z15-2D-Hons-Game/retroAestheticHons/Content/Collections/' was aborted.
[2018.01.24-09.19.08:792][741]LogDirectoryWatcher: A directory notification for 'C:/Users/Euan/Documents/Unreal Projects/Unreal-Projects-Hons2D/Project-Z15-2D-Hons-Game/retroAestheticHons/Content/Developers/Euan/Collections/' was aborted.
[2018.01.24-09.19.08:792][741]LogDirectoryWatcher: A directory notification for 'C:/Users/Euan/Documents/Unreal Projects/Unreal-Projects-Hons2D/Project-Z15-2D-Hons-Game/retroAestheticHons/Saved/Collections/' was aborted.
[2018.01.24-09.19.08:792][741]LogModuleManager: Shutting down and abandoning module StatsViewer (536)
[2018.01.24-09.19.08:792][741]LogModuleManager: Shutting down and abandoning module FoliageEdit (534)
[2018.01.24-09.19.08:792][741]LogModuleManager: Shutting down and abandoning module LandscapeEditor (532)
[2018.01.24-09.19.08:793][741]LogModuleManager: Shutting down and abandoning module MeshPaintMode (530)
[2018.01.24-09.19.08:793][741]LogModuleManager: Shutting down and abandoning module SceneDepthPickerMode (528)
[2018.01.24-09.19.08:793][741]LogModuleManager: Shutting down and abandoning module ActorPickerMode (526)
[2018.01.24-09.19.08:793][741]LogModuleManager: Shutting down and abandoning module GeometryMode (524)
[2018.01.24-09.19.08:793][741]LogModuleManager: Shutting down and abandoning module TextureAlignMode (522)
[2018.01.24-09.19.08:793][741]LogModuleManager: Shutting down and abandoning module BspMode (520)
[2018.01.24-09.19.08:793][741]LogModuleManager: Shutting down and abandoning module PIEPreviewDeviceProfileSelector (518)
[2018.01.24-09.19.08:793][741]LogModuleManager: Shutting down and abandoning module HardwareSurvey (516)
[2018.01.24-09.19.08:793][741]LogModuleManager: Shutting down and abandoning module SequenceRecorderSections (514)
[2018.01.24-09.19.08:793][741]LogModuleManager: Shutting down and abandoning module AutomationWorker (512)
[2018.01.24-09.19.08:793][741]LogModuleManager: Shutting down and abandoning module MatineeToLevelSequence (510)
[2018.01.24-09.19.08:793][741]LogModuleManager: Shutting down and abandoning module LevelSequenceEditor (508)
[2018.01.24-09.19.08:793][741]LogModuleManager: Shutting down and abandoning module PlacementMode (507)
[2018.01.24-09.19.08:793][741]LogModuleManager: Shutting down and abandoning module WmfMediaFactory (504)
[2018.01.24-09.19.08:793][741]LogModuleManager: Shutting down and abandoning module WmfMediaEditor (502)
[2018.01.24-09.19.08:793][741]LogModuleManager: Shutting down and abandoning module OpenExrWrapper (500)
[2018.01.24-09.19.08:793][741]LogModuleManager: Shutting down and abandoning module ImgMediaFactory (498)
[2018.01.24-09.19.08:793][741]LogModuleManager: Shutting down and abandoning module ImgMediaEditor (496)
[2018.01.24-09.19.08:793][741]LogModuleManager: Shutting down and abandoning module AvfMediaFactory (494)
[2018.01.24-09.19.08:793][741]LogModuleManager: Shutting down and abandoning module AvfMediaEditor (492)
[2018.01.24-09.19.08:793][741]LogModuleManager: Shutting down and abandoning module AndroidMediaFactory (490)
[2018.01.24-09.19.08:793][741]LogModuleManager: Shutting down and abandoning module AndroidMediaEditor (488)
[2018.01.24-09.19.08:794][741]LogModuleManager: Shutting down and abandoning module CharacterAI (486)
[2018.01.24-09.19.08:794][741]LogModuleManager: Shutting down and abandoning module AudioCapture (484)
[2018.01.24-09.19.08:794][741]LogModuleManager: Shutting down and abandoning module SequenceRecorder (483)
[2018.01.24-09.19.08:794][741]LogModuleManager: Shutting down and abandoning module SmartSnapping (480)
[2018.01.24-09.19.08:794][741]LogModuleManager: Shutting down and abandoning module SessionServices (478)
[2018.01.24-09.19.08:794][741]LogModuleManager: Shutting down and abandoning module ViewportSnapping (476)
[2018.01.24-09.19.08:794][741]LogModuleManager: Shutting down and abandoning module ViewportInteraction (474)
[2018.01.24-09.19.08:794][741]LogModuleManager: Shutting down and abandoning module ClothPainter (472)
[2018.01.24-09.19.08:794][741]LogModuleManager: Shutting down and abandoning module SkeletalMeshEditor (471)
[2018.01.24-09.19.08:794][741]LogModuleManager: Shutting down and abandoning module LogVisualizer (468)
[2018.01.24-09.19.08:794][741]LogModuleManager: Shutting down and abandoning module IntroTutorials (466)
[2018.01.24-09.19.08:794][741]LogModuleManager: Shutting down and abandoning module GameProjectGeneration (465)
[2018.01.24-09.19.08:794][741]LogModuleManager: Shutting down and abandoning module IOSPlatformEditor (462)
[2018.01.24-09.19.08:794][741]LogModuleManager: Shutting down and abandoning module HTML5PlatformEditor (460)
[2018.01.24-09.19.08:794][741]LogModuleManager: Shutting down and abandoning module AndroidPlatformEditor (458)
[2018.01.24-09.19.08:794][741]LogModuleManager: Shutting down and abandoning module AndroidDeviceDetection (457)
[2018.01.24-09.19.09:433][741]LogModuleManager: Shutting down and abandoning module WindowsPlatformEditor (454)
[2018.01.24-09.19.09:433][741]LogModuleManager: Shutting down and abandoning module IOSRuntimeSettings (452)
[2018.01.24-09.19.09:433][741]LogModuleManager: Shutting down and abandoning module AndroidRuntimeSettings (450)
[2018.01.24-09.19.09:433][741]LogModuleManager: Shutting down and abandoning module InputBindingEditor (448)
[2018.01.24-09.19.09:433][741]LogModuleManager: Shutting down and abandoning module MergeActors (446)
[2018.01.24-09.19.09:433][741]LogModuleManager: Shutting down and abandoning module SizeMap (444)
[2018.01.24-09.19.09:433][741]LogModuleManager: Shutting down and abandoning module TreeMap (442)
[2018.01.24-09.19.09:433][741]LogModuleManager: Shutting down and abandoning module ReferenceViewer (440)
[2018.01.24-09.19.09:433][741]LogModuleManager: Shutting down and abandoning module LocalizationDashboard (438)
[2018.01.24-09.19.09:433][741]LogModuleManager: Shutting down and abandoning module LocalizationService (437)
[2018.01.24-09.19.09:433][741]LogModuleManager: Shutting down and abandoning module HardwareTargeting (434)
[2018.01.24-09.19.09:433][741]LogModuleManager: Shutting down and abandoning module DeviceProfileEditor (432)
[2018.01.24-09.19.09:433][741]LogModuleManager: Shutting down and abandoning module UndoHistory (430)
[2018.01.24-09.19.09:433][741]LogModuleManager: Shutting down and abandoning module XmlParser (428)
[2018.01.24-09.19.09:433][741]LogModuleManager: Shutting down and abandoning module Blutility (426)
[2018.01.24-09.19.09:433][741]LogModuleManager: Shutting down and abandoning module ProjectSettingsViewer (424)
[2018.01.24-09.19.09:434][741]LogModuleManager: Shutting down and abandoning module ProjectTargetPlatformEditor (423)
[2018.01.24-09.19.09:434][741]LogModuleManager: Shutting down and abandoning module EditorSettingsViewer (420)
[2018.01.24-09.19.09:434][741]LogModuleManager: Shutting down and abandoning module SettingsEditor (418)
[2018.01.24-09.19.09:434][741]LogModuleManager: Shutting down and abandoning module ProjectLauncher (416)
[2018.01.24-09.19.09:434][741]LogModuleManager: Shutting down and abandoning module SessionFrontend (414)
[2018.01.24-09.19.09:434][741]LogModuleManager: Shutting down and abandoning module ProfilerClient (412)
[2018.01.24-09.19.09:434][741]LogModuleManager: Shutting down and abandoning module DeviceManager (410)
[2018.01.24-09.19.09:434][741]LogModuleManager: Shutting down and abandoning module TargetDeviceServices (409)
[2018.01.24-09.19.09:489][741]LogModuleManager: Shutting down and abandoning module AutomationController (406)
[2018.01.24-09.19.09:489][741]LogModuleManager: Shutting down and abandoning module AutomationWindow (404)
[2018.01.24-09.19.09:489][741]LogModuleManager: Shutting down and abandoning module Layers (402)
[2018.01.24-09.19.09:489][741]LogModuleManager: Shutting down and abandoning module ComponentVisualizers (400)
[2018.01.24-09.19.09:489][741]LogModuleManager: Shutting down and abandoning module DetailCustomizations (398)
[2018.01.24-09.19.09:489][741]LogModuleManager: Shutting down and abandoning module PackagesDialog (396)
[2018.01.24-09.19.09:489][741]LogModuleManager: Shutting down and abandoning module Persona (394)
[2018.01.24-09.19.09:489][741]LogModuleManager: Shutting down and abandoning module AdvancedPreviewScene (393)
[2018.01.24-09.19.09:489][741]LogModuleManager: Shutting down and abandoning module AnimGraph (391)
[2018.01.24-09.19.09:489][741]LogModuleManager: Shutting down and abandoning module Kismet (388)
[2018.01.24-09.19.09:498][741]LogModuleManager: Shutting down and abandoning module ClassViewer (386)
[2018.01.24-09.19.09:498][741]LogModuleManager: Shutting down and abandoning module Toolbox (384)
[2018.01.24-09.19.09:498][741]LogModuleManager: Shutting down and abandoning module ModuleUI (382)
[2018.01.24-09.19.09:498][741]LogModuleManager: Shutting down and abandoning module MovieSceneTools (380)
[2018.01.24-09.19.09:498][741]LogModuleManager: Shutting down and abandoning module OutputLog (378)
[2018.01.24-09.19.09:498][741]LogModuleManager: Shutting down and abandoning module GammaUI (376)
[2018.01.24-09.19.09:498][741]LogModuleManager: Shutting down and abandoning module Documentation (374)
[2018.01.24-09.19.09:498][741]LogModuleManager: Shutting down and abandoning module MovieSceneTracks (372)
[2018.01.24-09.19.09:498][741]LogModuleManager: Shutting down and abandoning module MovieScene (370)
[2018.01.24-09.19.09:498][741]LogModuleManager: Shutting down and abandoning module StreamingPauseRendering (368)
[2018.01.24-09.19.09:498][741]LogModuleManager: Shutting down and abandoning module LauncherPlatform (366)
[2018.01.24-09.19.09:498][741]LogModuleManager: Shutting down and abandoning module AnalyticsET (364)
[2018.01.24-09.19.09:498][741]LogModuleManager: Shutting down and abandoning module PortalServices (362)
[2018.01.24-09.19.09:498][741]LogModuleManager: Shutting down and abandoning module PortalRpc (360)
[2018.01.24-09.19.09:498][741]LogModuleManager: Shutting down and abandoning module MessagingRpc (358)
[2018.01.24-09.19.09:498][741]LogModuleManager: Shutting down and abandoning module AIModule (356)
[2018.01.24-09.19.09:498][741]LogModuleManager: Shutting down and abandoning module GameplayDebugger (355)
[2018.01.24-09.19.09:498][741]LogModuleManager: Shutting down and abandoning module AITestSuite (353)
[2018.01.24-09.19.09:498][741]LogModuleManager: Shutting down and abandoning module DesktopPlatform (350)
[2018.01.24-09.19.09:498][741]LogModuleManager: Shutting down and abandoning module ProfilerService (348)
[2018.01.24-09.19.09:681][741]LogModuleManager: Shutting down and abandoning module TaskGraph (346)
[2018.01.24-09.19.09:681][741]LogModuleManager: Shutting down and abandoning module SteamVRController (344)
[2018.01.24-09.19.09:681][741]LogModuleManager: Shutting down and abandoning module ProceduralMeshComponentEditor (342)
[2018.01.24-09.19.09:681][741]LogModuleManager: Shutting down and abandoning module ProceduralMeshComponent (340)
[2018.01.24-09.19.09:681][741]LogModuleManager: Shutting down and abandoning module OculusInput (338)
[2018.01.24-09.19.09:681][741]LogModuleManager: Shutting down and abandoning module MobilePatchingUtils (336)
[2018.01.24-09.19.09:681][741]LogModuleManager: Shutting down and abandoning module CustomMeshComponent (334)
[2018.01.24-09.19.09:681][741]LogModuleManager: Shutting down and abandoning module CableComponent (332)
[2018.01.24-09.19.09:681][741]LogModuleManager: Shutting down and abandoning module ArchVisCharacter (330)
[2018.01.24-09.19.09:681][741]LogModuleManager: Shutting down and abandoning module AndroidPermission (328)
[2018.01.24-09.19.09:681][741]LogModuleManager: Shutting down and abandoning module ActorSequence (324)
[2018.01.24-09.19.09:681][741]LogModuleManager: Shutting down and abandoning module MediaPlayerEditor (322)
[2018.01.24-09.19.09:681][741]LogModuleManager: Shutting down and abandoning module MediaCompositingEditor (320)
[2018.01.24-09.19.09:681][741]LogModuleManager: Shutting down and abandoning module MediaCompositing (318)
[2018.01.24-09.19.09:681][741]LogModuleManager: Shutting down and abandoning module HTML5Networking (316)
[2018.01.24-09.19.09:681][741]LogModuleManager: Shutting down and abandoning module AlembicImporter (314)
[2018.01.24-09.19.09:682][741]LogModuleManager: Shutting down and abandoning module AlembicLibrary (313)
[2018.01.24-09.19.09:682][741]LogModuleManager: Shutting down and abandoning module GeometryCache (312)
[2018.01.24-09.19.09:682][741]LogModuleManager: Shutting down and abandoning module GeometryCacheEd (311)
[2018.01.24-09.19.09:682][741]LogModuleManager: Shutting down and abandoning module SpeedTreeImporter (306)
[2018.01.24-09.19.09:682][741]LogModuleManager: Shutting down and abandoning module PluginBrowser (304)
[2018.01.24-09.19.09:682][741]LogModuleManager: Shutting down and abandoning module MobileLauncherProfileWizard (302)
[2018.01.24-09.19.09:682][741]LogModuleManager: Shutting down and abandoning module VisualStudioSourceCodeAccess (300)
[2018.01.24-09.19.09:682][741]LogModuleManager: Shutting down and abandoning module VisualStudioCodeSourceCodeAccess (298)
[2018.01.24-09.19.09:682][741]LogModuleManager: Shutting down and abandoning module UObjectPlugin (296)
[2018.01.24-09.19.09:682][741]LogModuleManager: Shutting down and abandoning module SubversionSourceControl (294)
[2018.01.24-09.19.09:682][741]LogModuleManager: Shutting down and abandoning module PerforceSourceControl (292)
[2018.01.24-09.19.09:682][741]LogModuleManager: Shutting down and abandoning module GitSourceControl (290)
[2018.01.24-09.19.09:682][741]LogModuleManager: Shutting down and abandoning module SourceControl (289)
[2018.01.24-09.19.09:682][741]LogModuleManager: Shutting down and abandoning module LightPropagationVolumeEditor (286)
[2018.01.24-09.19.09:682][741]LogModuleManager: Shutting down and abandoning module PaperTiledImporter (284)
[2018.01.24-09.19.09:682][741]LogModuleManager: Shutting down and abandoning module PaperSpriteSheetImporter (282)
[2018.01.24-09.19.09:682][741]LogModuleManager: Shutting down and abandoning module Paper2DEditor (280)
[2018.01.24-09.19.09:682][741]LogModuleManager: Shutting down and abandoning module MeshPaint (279)
[2018.01.24-09.19.09:682][741]LogModuleManager: Shutting down and abandoning module LevelEditor (277)
[2018.01.24-09.19.09:683][741]LogModuleManager: Shutting down and abandoning module PixelInspectorModule (276)
[2018.01.24-09.19.09:683][741]LogModuleManager: Shutting down and abandoning module MainFrame (274)
[2018.01.24-09.19.09:737][741]LogModuleManager: Shutting down and abandoning module HotReload (273)
[2018.01.24-09.19.09:738][741]LogModuleManager: Shutting down and abandoning module RuntimePhysXCooking (268)
[2018.01.24-09.19.09:738][741]LogModuleManager: Shutting down and abandoning module PhysXVehiclesEditor (266)
[2018.01.24-09.19.09:738][741]LogModuleManager: Shutting down and abandoning module PhysXVehicles (264)
[2018.01.24-09.19.09:738][741]LogModuleManager: Shutting down and abandoning module OculusEditor (262)
[2018.01.24-09.19.09:738][741]LogModuleManager: Shutting down and abandoning module LocationServicesBPLibrary (260)
[2018.01.24-09.19.09:738][741]LogModuleManager: Shutting down and abandoning module ImmediatePhysicsEditor (258)
[2018.01.24-09.19.09:738][741]LogModuleManager: Shutting down and abandoning module ImmediatePhysics (256)
[2018.01.24-09.19.09:738][741]LogModuleManager: Shutting down and abandoning module UdpMessaging (254)
[2018.01.24-09.19.09:839][741]LogModuleManager: Shutting down and abandoning module TcpMessaging (252)
[2018.01.24-09.19.09:939][741]LogModuleManager: Shutting down and abandoning module GameplayTagsEditor (250)
[2018.01.24-09.19.09:939][741]LogModuleManager: Shutting down and abandoning module FacialAnimationEditor (248)
[2018.01.24-09.19.09:939][741]LogModuleManager: Shutting down and abandoning module FacialAnimation (246)
[2018.01.24-09.19.09:939][741]LogModuleManager: Shutting down and abandoning module AssetManagerEditor (244)
[2018.01.24-09.19.09:939][741]LogModuleManager: Shutting down and abandoning module GraphEditor (243)
[2018.01.24-09.19.09:939][741]LogModuleManager: Shutting down and abandoning module ContentBrowser (241)
[2018.01.24-09.19.09:940][741]LogModuleManager: Shutting down and abandoning module LightPropagationVolumeRuntime (238)
[2018.01.24-09.19.09:940][741]LogModuleManager: Shutting down and abandoning module Paper2D (236)
[2018.01.24-09.19.09:940][741]LogModuleManager: Shutting down and abandoning module WindowsMoviePlayer (234)
[2018.01.24-09.19.09:940][741]LogModuleManager: Shutting down and abandoning module WmfMedia (232)
[2018.01.24-09.19.09:940][741]LogModuleManager: Shutting down and abandoning module ImgMedia (230)
[2018.01.24-09.19.09:940][741]LogModuleManager: Shutting down and abandoning module PacketHandler (228)
[2018.01.24-09.19.09:940][741]LogModuleManager: Shutting down and abandoning module ClothingSystemEditor (226)
[2018.01.24-09.19.09:940][741]LogModuleManager: Shutting down and abandoning module ClothingSystemRuntime (224)
[2018.01.24-09.19.09:940][741]LogModuleManager: Shutting down and abandoning module MediaAssets (222)
[2018.01.24-09.19.09:940][741]LogModuleManager: Shutting down and abandoning module Media (221)
[2018.01.24-09.19.09:946][741]LogModuleManager: Shutting down and abandoning module Overlay (218)
[2018.01.24-09.19.09:946][741]LogModuleManager: Shutting down and abandoning module OverlayEditor (217)
[2018.01.24-09.19.09:946][741]LogModuleManager: Shutting down and abandoning module VREditor (214)
[2018.01.24-09.19.09:946][741]LogModuleManager: Shutting down and abandoning module StringTableEditor (212)
[2018.01.24-09.19.09:946][741]LogModuleManager: Shutting down and abandoning module GameplayTasksEditor (210)
[2018.01.24-09.19.09:946][741]LogModuleManager: Shutting down and abandoning module BehaviorTreeEditor (208)
[2018.01.24-09.19.09:946][741]LogModuleManager: Shutting down and abandoning module FunctionalTesting (206)
[2018.01.24-09.19.09:946][741]LogModuleManager: Shutting down and abandoning module CollisionAnalyzer (204)
[2018.01.24-09.19.09:946][741]LogModuleManager: Shutting down and abandoning module WorkspaceMenuStructure (203)
[2018.01.24-09.19.09:946][741]LogModuleManager: Shutting down and abandoning module UMG (200)
[2018.01.24-09.19.09:946][741]LogModuleManager: Shutting down and abandoning module UMGEditor (199)
[2018.01.24-09.19.09:947][741]LogModuleManager: Shutting down and abandoning module Sequencer (198)
[2018.01.24-09.19.09:947][741]LogModuleManager: Shutting down and abandoning module MessageLog (195)
[2018.01.24-09.19.09:947][741]LogModuleManager: Shutting down and abandoning module SlateReflector (190)
[2018.01.24-09.19.09:947][741]LogModuleManager: Shutting down and abandoning module Slate (188)
[2018.01.24-09.19.09:947][741]LogModuleManager: Shutting down and abandoning module EditorStyle (186)
[2018.01.24-09.19.09:951][741]LogModuleManager: Shutting down and abandoning module MRMesh (184)
[2018.01.24-09.19.09:951][741]LogModuleManager: Shutting down and abandoning module SourceCodeAccess (182)
[2018.01.24-09.19.09:951][741]LogModuleManager: Shutting down and abandoning module HeadMountedDisplay (180)
[2018.01.24-09.19.09:951][741]LogModuleManager: Shutting down and abandoning module XAudio2 (178)
[2018.01.24-09.19.09:951][741]LogModuleManager: Shutting down and abandoning module Networking (176)
[2018.01.24-09.19.09:951][741]LogModuleManager: Shutting down and abandoning module Core (172)
[2018.01.24-09.19.09:951][741]LogModuleManager: Shutting down and abandoning module LevelSequence (168)
[2018.01.24-09.19.09:951][741]LogModuleManager: Shutting down and abandoning module DirectoryWatcher (166)
[2018.01.24-09.19.09:952][741]LogModuleManager: Shutting down and abandoning module KismetCompiler (164)
[2018.01.24-09.19.09:952][741]LogModuleManager: Shutting down and abandoning module MeshUtilities (162)
[2018.01.24-09.19.09:952][741]LogModuleManager: Shutting down and abandoning module MeshMergeUtilities (161)
[2018.01.24-09.19.09:952][741]LogModuleManager: Shutting down and abandoning module MeshReductionInterface (160)
[2018.01.24-09.19.09:952][741]LogModuleManager: Shutting down and abandoning module SimplygonSwarm (159)
[2018.01.24-09.19.09:952][741]LogModuleManager: Shutting down and abandoning module SimplygonMeshReduction (157)
[2018.01.24-09.19.09:953][741]LogModuleManager: Shutting down and abandoning module QuadricMeshReduction (155)
[2018.01.24-09.19.09:953][741]LogModuleManager: Shutting down and abandoning module MaterialBaking (151)
[2018.01.24-09.19.09:953][741]LogModuleManager: Shutting down and abandoning module DerivedDataCache (148)
[2018.01.24-09.19.09:975][741]LogDerivedDataCache: Shutdown
[2018.01.24-09.19.09:975][741]LogModuleManager: Shutting down and abandoning module TargetPlatform (146)
[2018.01.24-09.19.09:975][741]LogModuleManager: Shutting down and abandoning module VulkanShaderFormat (145)
[2018.01.24-09.19.09:975][741]LogModuleManager: Shutting down and abandoning module ShaderFormatVectorVM (143)
[2018.01.24-09.19.09:975][741]LogModuleManager: Shutting down and abandoning module ShaderFormatOpenGL (141)
[2018.01.24-09.19.09:975][741]LogModuleManager: Shutting down and abandoning module ShaderFormatD3D (139)
[2018.01.24-09.19.09:975][741]LogModuleManager: Shutting down and abandoning module MetalShaderFormat (137)
[2018.01.24-09.19.09:975][741]LogModuleManager: Shutting down and abandoning module TextureFormatUncompressed (135)
[2018.01.24-09.19.09:975][741]LogModuleManager: Shutting down and abandoning module TextureFormatPVR (133)
[2018.01.24-09.19.09:975][741]LogModuleManager: Shutting down and abandoning module TextureFormatDXT (131)
[2018.01.24-09.19.09:975][741]LogModuleManager: Shutting down and abandoning module TextureFormatIntelISPCTexComp (129)
[2018.01.24-09.19.09:975][741]LogModuleManager: Shutting down and abandoning module TextureFormatASTC (127)
[2018.01.24-09.19.09:975][741]LogModuleManager: Shutting down and abandoning module ImageWrapper (126)
[2018.01.24-09.19.09:975][741]LogModuleManager: Shutting down and abandoning module TextureFormatAndroid (123)
[2018.01.24-09.19.09:975][741]LogModuleManager: Shutting down and abandoning module AudioFormatOpus (121)
[2018.01.24-09.19.09:975][741]LogModuleManager: Shutting down and abandoning module AudioFormatOgg (119)
[2018.01.24-09.19.09:975][741]LogModuleManager: Shutting down and abandoning module AudioFormatADPCM (117)
[2018.01.24-09.19.09:975][741]LogModuleManager: Shutting down and abandoning module LinuxTargetPlatform (115)
[2018.01.24-09.19.09:976][741]LogModuleManager: Shutting down and abandoning module LinuxServerTargetPlatform (113)
[2018.01.24-09.19.09:976][741]LogModuleManager: Shutting down and abandoning module LinuxNoEditorTargetPlatform (111)
[2018.01.24-09.19.09:976][741]LogModuleManager: Shutting down and abandoning module LinuxClientTargetPlatform (109)
[2018.01.24-09.19.09:976][741]LogModuleManager: Shutting down and abandoning module TVOSTargetPlatform (107)
[2018.01.24-09.19.09:976][741]LogModuleManager: Shutting down and abandoning module Messaging (105)
[2018.01.24-09.19.09:976][741]LogModuleManager: Shutting down and abandoning module IOSTargetPlatform (103)
[2018.01.24-09.19.09:976][741]LogModuleManager: Shutting down and abandoning module HTML5TargetPlatform (101)
[2018.01.24-09.19.09:976][741]LogModuleManager: Shutting down and abandoning module AndroidTargetPlatform (99)
[2018.01.24-09.19.09:976][741]LogModuleManager: Shutting down and abandoning module Android_PVRTCTargetPlatform (97)
[2018.01.24-09.19.09:976][741]LogModuleManager: Shutting down and abandoning module Android_MultiTargetPlatform (95)
[2018.01.24-09.19.09:976][741]LogModuleManager: Shutting down and abandoning module Android_ETC2TargetPlatform (93)
[2018.01.24-09.19.09:976][741]LogModuleManager: Shutting down and abandoning module Android_ETC1TargetPlatform (91)
[2018.01.24-09.19.09:976][741]LogModuleManager: Shutting down and abandoning module Android_DXTTargetPlatform (89)
[2018.01.24-09.19.09:976][741]LogModuleManager: Shutting down and abandoning module Android_ATCTargetPlatform (87)
[2018.01.24-09.19.09:976][741]LogModuleManager: Shutting down and abandoning module Android_ASTCTargetPlatform (85)
[2018.01.24-09.19.09:976][741]LogModuleManager: Shutting down and abandoning module WindowsTargetPlatform (83)
[2018.01.24-09.19.09:976][741]LogModuleManager: Shutting down and abandoning module WindowsServerTargetPlatform (81)
[2018.01.24-09.19.09:976][741]LogModuleManager: Shutting down and abandoning module WindowsNoEditorTargetPlatform (79)
[2018.01.24-09.19.09:976][741]LogModuleManager: Shutting down and abandoning module WindowsClientTargetPlatform (77)
[2018.01.24-09.19.09:976][741]LogModuleManager: Shutting down and abandoning module MacTargetPlatform (75)
[2018.01.24-09.19.09:976][741]LogModuleManager: Shutting down and abandoning module MacServerTargetPlatform (73)
[2018.01.24-09.19.09:976][741]LogModuleManager: Shutting down and abandoning module MacNoEditorTargetPlatform (71)
[2018.01.24-09.19.09:976][741]LogModuleManager: Shutting down and abandoning module MacClientTargetPlatform (69)
[2018.01.24-09.19.09:976][741]LogModuleManager: Shutting down and abandoning module AllDesktopTargetPlatform (67)
[2018.01.24-09.19.09:976][741]LogModuleManager: Shutting down and abandoning module InputCore (64)
[2018.01.24-09.19.09:976][741]LogModuleManager: Shutting down and abandoning module Settings (62)
[2018.01.24-09.19.09:976][741]LogModuleManager: Shutting down and abandoning module PhysXCooking (60)
[2018.01.24-09.19.09:976][741]LogModuleManager: Shutting down and abandoning module SteamVR (58)
[2018.01.24-09.19.09:976][741]LogModuleManager: Shutting down and abandoning module OculusHMD (56)
[2018.01.24-09.19.09:976][741]LogModuleManager: Shutting down and abandoning module ExampleDeviceProfileSelector (54)
[2018.01.24-09.19.09:976][741]LogModuleManager: Shutting down and abandoning module AppleARKit (52)
[2018.01.24-09.19.09:976][741]LogModuleManager: Shutting down and abandoning module AugmentedReality (51)
[2018.01.24-09.19.09:976][741]LogModuleManager: Shutting down and abandoning module OnlineBlueprintSupport (48)
[2018.01.24-09.19.09:976][741]LogModuleManager: Shutting down and abandoning module OnlineSubsystem (44)
[2018.01.24-09.19.09:976][741]LogModuleManager: Shutting down and abandoning module XMPP (43)
[2018.01.24-09.19.09:976][741]LogModuleManager: Shutting down and abandoning module HTTP (41)
[2018.01.24-09.19.09:976][741]LogHttp: Display: Http module shutting down, but needs to wait on 1 outstanding Http requests:
[2018.01.24-09.19.09:976][741]LogHttp: Display: 	verb=[POST] url=[https://datarouter.ol.epicgames.com/datarouter/api/v1/public/data?SessionID=%7B2CC02FAF-4FAC-BE4B-2813-4B84D59228D7%7D&AppID=UEEditor.Rocket.Release&AppVersion=4.18.2-3794801%2B%2B%2BUE4%2BRelease-4.18&UserID=270b36a847bb1274a342ab92246f52ba%7Cb185488ceeef4c1aa0f257d2840391da%7C94144e2e-4cd4-42ff-b5a3-0d911eb3a84a&AppEnvironment=datacollector-binary&UploadType=eteventstream] status=Processing
[2018.01.24-09.19.10:010][741]LogModuleManager: Shutting down and abandoning module SSL (40)
[2018.01.24-09.19.10:011][741]LogModuleManager: Shutting down and abandoning module AnimationModifiers (36)
[2018.01.24-09.19.10:011][741]LogModuleManager: Shutting down and abandoning module PropertyEditor (35)
[2018.01.24-09.19.10:012][741]LogModuleManager: Shutting down and abandoning module AudioEditor (32)
[2018.01.24-09.19.10:012][741]LogModuleManager: Shutting down and abandoning module TextureCompressor (30)
[2018.01.24-09.19.10:012][741]LogModuleManager: Shutting down and abandoning module ShaderCore (28)
[2018.01.24-09.19.10:012][741]LogModuleManager: Shutting down and abandoning module Landscape (26)
[2018.01.24-09.19.10:012][741]LogModuleManager: Shutting down and abandoning module SlateRHIRenderer (24)
[2018.01.24-09.19.10:013][741]LogModuleManager: Shutting down and abandoning module OpenGLDrv (22)
[2018.01.24-09.19.10:013][741]LogModuleManager: Shutting down and abandoning module D3D11RHI (20)
[2018.01.24-09.19.10:013][741]LogModuleManager: Shutting down and abandoning module AnimGraphRuntime (18)
[2018.01.24-09.19.10:013][741]LogModuleManager: Shutting down and abandoning module Renderer (16)
[2018.01.24-09.19.10:014][741]LogModuleManager: Shutting down and abandoning module Engine (14)
[2018.01.24-09.19.10:014][741]LogModuleManager: Shutting down and abandoning module CoreUObject (12)
[2018.01.24-09.19.10:014][741]LogModuleManager: Shutting down and abandoning module NetworkFile (10)
[2018.01.24-09.19.10:014][741]LogModuleManager: Shutting down and abandoning module CookedIterativeFile (8)
[2018.01.24-09.19.10:014][741]LogModuleManager: Shutting down and abandoning module StreamingFile (6)
[2018.01.24-09.19.10:014][741]LogModuleManager: Shutting down and abandoning module SandboxFile (4)
[2018.01.24-09.19.10:014][741]LogModuleManager: Shutting down and abandoning module PakFile (2)
[2018.01.24-09.19.10:015][741]LogExit: Exiting.
[2018.01.24-09.19.10:039][741]Log file closed, 01/24/18 09:19:10
