Log file open, 01/15/18 14:05:30
LogWindows: Failed to load 'aqProf.dll' (GetLastError=126)
LogWindows: File 'aqProf.dll' does not exist
LogWindows: Failed to load 'VtuneApi.dll' (GetLastError=126)
LogWindows: File 'VtuneApi.dll' does not exist
LogWindows: Failed to load 'VtuneApi32e.dll' (GetLastError=126)
LogWindows: File 'VtuneApi32e.dll' does not exist
LogInit: Display: Running engine for game: retroAestheticHons
LogPlatformFile: Not using cached read wrapper
LogInit: Display: RandInit(340214953) SRandInit(340214953).
LogInit: Read version file with build ID '3709383'
LogInit: Overriding engine version to CL 3794801, compatible CL 3709383
LogInit: Registered custom module enumerator with build ID '3709383'
LogTaskGraph: Started task graph with 5 named threads and 14 total threads with 3 sets of task threads.
LogStats: Stats thread started at 0.176096
LogD3D11RHI: Aftermath initialized
LogModuleManager: Display: Found up-to-date module file ../../../Engine/Plugins/2D/Paper2D/Binaries/Win64/UE4Editor-Paper2D.dll (API version 3709383).
LogModuleManager: Display: Found up-to-date module file ../../../Engine/Plugins/2D/Paper2D/Binaries/Win64/UE4Editor-Paper2DEditor.dll (API version 3709383).
LogModuleManager: Display: Found up-to-date module file ../../../Engine/Plugins/2D/Paper2D/Binaries/Win64/UE4Editor-PaperSpriteSheetImporter.dll (API version 3709383).
LogModuleManager: Display: Found up-to-date module file ../../../Engine/Plugins/2D/Paper2D/Binaries/Win64/UE4Editor-PaperTiledImporter.dll (API version 3709383).
LogModuleManager: Display: Found up-to-date module file ../../../Engine/Plugins/2D/Paper2D/Binaries/Win64/UE4Editor-SmartSnapping.dll (API version 3709383).
LogModuleManager: Display: Found up-to-date module file ../../../Engine/Plugins/Blendables/LightPropagationVolume/Binaries/Win64/UE4Editor-LightPropagationVolumeRuntime.dll (API version 3709383).
LogModuleManager: Display: Found up-to-date module file ../../../Engine/Plugins/Blendables/LightPropagationVolume/Binaries/Win64/UE4Editor-LightPropagationVolumeEditor.dll (API version 3709383).
LogModuleManager: Display: Found up-to-date module file ../../../Engine/Plugins/Developer/GitSourceControl/Binaries/Win64/UE4Editor-GitSourceControl.dll (API version 3709383).
LogModuleManager: Display: Found up-to-date module file ../../../Engine/Plugins/Developer/PerforceSourceControl/Binaries/Win64/UE4Editor-PerforceSourceControl.dll (API version 3709383).
LogModuleManager: Display: Found up-to-date module file ../../../Engine/Plugins/Developer/SubversionSourceControl/Binaries/Win64/UE4Editor-SubversionSourceControl.dll (API version 3709383).
LogModuleManager: Display: Found up-to-date module file ../../../Engine/Plugins/Developer/UObjectPlugin/Binaries/Win64/UE4Editor-UObjectPlugin.dll (API version 3709383).
LogModuleManager: Display: Found up-to-date module file ../../../Engine/Plugins/Developer/VisualStudioCodeSourceCodeAccess/Binaries/Win64/UE4Editor-VisualStudioCodeSourceCodeAccess.dll (API version 3709383).
LogModuleManager: Display: Found up-to-date module file ../../../Engine/Plugins/Developer/VisualStudioSourceCodeAccess/Binaries/Win64/UE4Editor-VisualStudioSourceCodeAccess.dll (API version 3709383).
LogModuleManager: Display: Found up-to-date module file ../../../Engine/Plugins/Editor/AssetManagerEditor/Binaries/Win64/UE4Editor-AssetManagerEditor.dll (API version 3709383).
LogModuleManager: Display: Found up-to-date module file ../../../Engine/Plugins/Editor/AudioCapture/Binaries/Win64/UE4Editor-AudioCapture.dll (API version 3709383).
LogModuleManager: Display: Found up-to-date module file ../../../Engine/Plugins/Editor/FacialAnimation/Binaries/Win64/UE4Editor-FacialAnimation.dll (API version 3709383).
LogModuleManager: Display: Found up-to-date module file ../../../Engine/Plugins/Editor/FacialAnimation/Binaries/Win64/UE4Editor-FacialAnimationEditor.dll (API version 3709383).
LogModuleManager: Display: Found up-to-date module file ../../../Engine/Plugins/Editor/GameplayTagsEditor/Binaries/Win64/UE4Editor-GameplayTagsEditor.dll (API version 3709383).
LogModuleManager: Display: Found up-to-date module file ../../../Engine/Plugins/Editor/MobileLauncherProfileWizard/Binaries/Win64/UE4Editor-MobileLauncherProfileWizard.dll (API version 3709383).
LogModuleManager: Display: Found up-to-date module file ../../../Engine/Plugins/Editor/PluginBrowser/Binaries/Win64/UE4Editor-PluginBrowser.dll (API version 3709383).
LogModuleManager: Display: Found up-to-date module file ../../../Engine/Plugins/Editor/SpeedTreeImporter/Binaries/Win64/UE4Editor-SpeedTreeImporter.dll (API version 3709383).
LogModuleManager: Display: Found up-to-date module file ../../../Engine/Plugins/Experimental/AlembicImporter/Binaries/Win64/UE4Editor-AlembicImporter.dll (API version 3709383).
LogModuleManager: Display: Found up-to-date module file ../../../Engine/Plugins/Experimental/AlembicImporter/Binaries/Win64/UE4Editor-AlembicLibrary.dll (API version 3709383).
LogModuleManager: Display: Found up-to-date module file ../../../Engine/Plugins/Experimental/CharacterAI/Binaries/Win64/UE4Editor-CharacterAI.dll (API version 3709383).
LogModuleManager: Display: Found up-to-date module file ../../../Engine/Plugins/Experimental/HTML5Networking/Binaries/Win64/UE4Editor-HTML5Networking.dll (API version 3709383).
LogModuleManager: Display: Found up-to-date module file ../../../Engine/Plugins/Media/AndroidMedia/Binaries/Win64/UE4Editor-AndroidMediaEditor.dll (API version 3709383).
LogModuleManager: Display: Found up-to-date module file ../../../Engine/Plugins/Media/AndroidMedia/Binaries/Win64/UE4Editor-AndroidMediaFactory.dll (API version 3709383).
LogModuleManager: Display: Found up-to-date module file ../../../Engine/Plugins/Media/AvfMedia/Binaries/Win64/UE4Editor-AvfMediaEditor.dll (API version 3709383).
LogModuleManager: Display: Found up-to-date module file ../../../Engine/Plugins/Media/AvfMedia/Binaries/Win64/UE4Editor-AvfMediaFactory.dll (API version 3709383).
LogModuleManager: Display: Found up-to-date module file ../../../Engine/Plugins/Media/AvfMedia/Binaries/Win64/UE4Editor-AvfMediaFactory.dll (API version 3709383).
LogModuleManager: Display: Found up-to-date module file ../../../Engine/Plugins/Media/ImgMedia/Binaries/Win64/UE4Editor-ImgMedia.dll (API version 3709383).
LogModuleManager: Display: Found up-to-date module file ../../../Engine/Plugins/Media/ImgMedia/Binaries/Win64/UE4Editor-ImgMediaEditor.dll (API version 3709383).
LogModuleManager: Display: Found up-to-date module file ../../../Engine/Plugins/Media/ImgMedia/Binaries/Win64/UE4Editor-ImgMediaFactory.dll (API version 3709383).
LogModuleManager: Display: Found up-to-date module file ../../../Engine/Plugins/Media/ImgMedia/Binaries/Win64/UE4Editor-ImgMediaFactory.dll (API version 3709383).
LogModuleManager: Display: Found up-to-date module file ../../../Engine/Plugins/Media/ImgMedia/Binaries/Win64/UE4Editor-OpenExrWrapper.dll (API version 3709383).
LogModuleManager: Display: Found up-to-date module file ../../../Engine/Plugins/Media/MediaCompositing/Binaries/Win64/UE4Editor-MediaCompositing.dll (API version 3709383).
LogModuleManager: Display: Found up-to-date module file ../../../Engine/Plugins/Media/MediaCompositing/Binaries/Win64/UE4Editor-MediaCompositingEditor.dll (API version 3709383).
LogModuleManager: Display: Found up-to-date module file ../../../Engine/Plugins/Media/MediaPlayerEditor/Binaries/Win64/UE4Editor-MediaPlayerEditor.dll (API version 3709383).
LogModuleManager: Display: Found up-to-date module file ../../../Engine/Plugins/Media/WmfMedia/Binaries/Win64/UE4Editor-WmfMedia.dll (API version 3709383).
LogModuleManager: Display: Found up-to-date module file ../../../Engine/Plugins/Media/WmfMedia/Binaries/Win64/UE4Editor-WmfMediaEditor.dll (API version 3709383).
LogModuleManager: Display: Found up-to-date module file ../../../Engine/Plugins/Media/WmfMedia/Binaries/Win64/UE4Editor-WmfMediaFactory.dll (API version 3709383).
LogModuleManager: Display: Found up-to-date module file ../../../Engine/Plugins/Media/WmfMedia/Binaries/Win64/UE4Editor-WmfMediaFactory.dll (API version 3709383).
LogModuleManager: Display: Found up-to-date module file ../../../Engine/Plugins/Messaging/TcpMessaging/Binaries/Win64/UE4Editor-TcpMessaging.dll (API version 3709383).
LogModuleManager: Display: Found up-to-date module file ../../../Engine/Plugins/Messaging/UdpMessaging/Binaries/Win64/UE4Editor-UdpMessaging.dll (API version 3709383).
LogModuleManager: Display: Found up-to-date module file ../../../Engine/Plugins/MovieScene/ActorSequence/Binaries/Win64/UE4Editor-ActorSequence.dll (API version 3709383).
LogModuleManager: Display: Found up-to-date module file ../../../Engine/Plugins/MovieScene/LevelSequenceEditor/Binaries/Win64/UE4Editor-LevelSequenceEditor.dll (API version 3709383).
LogModuleManager: Display: Found up-to-date module file ../../../Engine/Plugins/MovieScene/MatineeToLevelSequence/Binaries/Win64/UE4Editor-MatineeToLevelSequence.dll (API version 3709383).
LogModuleManager: Display: Found up-to-date module file ../../../Engine/Plugins/Online/OnlineSubsystem/Binaries/Win64/UE4Editor-OnlineSubsystem.dll (API version 3709383).
LogModuleManager: Display: Found up-to-date module file ../../../Engine/Plugins/Runtime/AndroidPermission/Binaries/Win64/UE4Editor-AndroidPermission.dll (API version 3709383).
LogModuleManager: Display: Found up-to-date module file ../../../Engine/Plugins/Online/OnlineSubsystemNull/Binaries/Win64/UE4Editor-OnlineSubsystemNull.dll (API version 3709383).
LogModuleManager: Display: Found up-to-date module file ../../../Engine/Plugins/Online/OnlineSubsystemUtils/Binaries/Win64/UE4Editor-OnlineSubsystemUtils.dll (API version 3709383).
LogModuleManager: Display: Found up-to-date module file ../../../Engine/Plugins/Online/OnlineSubsystemUtils/Binaries/Win64/UE4Editor-OnlineBlueprintSupport.dll (API version 3709383).
LogModuleManager: Display: Found up-to-date module file ../../../Engine/Plugins/Runtime/AndroidDeviceProfileSelector/Binaries/Win64/UE4Editor-AndroidDeviceProfileSelector.dll (API version 3709383).
LogModuleManager: Display: Found up-to-date module file ../../../Engine/Plugins/Runtime/AppleARKit/Binaries/Win64/UE4Editor-AppleARKit.dll (API version 3709383).
LogModuleManager: Display: Found up-to-date module file ../../../Engine/Plugins/Runtime/ArchVisCharacter/Binaries/Win64/UE4Editor-ArchVisCharacter.dll (API version 3709383).
LogModuleManager: Display: Found up-to-date module file ../../../Engine/Plugins/Runtime/CableComponent/Binaries/Win64/UE4Editor-CableComponent.dll (API version 3709383).
LogModuleManager: Display: Found up-to-date module file ../../../Engine/Plugins/Runtime/CustomMeshComponent/Binaries/Win64/UE4Editor-CustomMeshComponent.dll (API version 3709383).
LogModuleManager: Display: Found up-to-date module file ../../../Engine/Plugins/Runtime/ExampleDeviceProfileSelector/Binaries/Win64/UE4Editor-ExampleDeviceProfileSelector.dll (API version 3709383).
LogModuleManager: Display: Found up-to-date module file ../../../Engine/Plugins/Runtime/ImmediatePhysics/Binaries/Win64/UE4Editor-ImmediatePhysics.dll (API version 3709383).
LogModuleManager: Display: Found up-to-date module file ../../../Engine/Plugins/Runtime/ImmediatePhysics/Binaries/Win64/UE4Editor-ImmediatePhysicsEditor.dll (API version 3709383).
LogModuleManager: Display: Found up-to-date module file ../../../Engine/Plugins/Runtime/LocationServicesBPLibrary/Binaries/Win64/UE4Editor-LocationServicesBPLibrary.dll (API version 3709383).
LogModuleManager: Display: Found up-to-date module file ../../../Engine/Plugins/Runtime/MobilePatchingUtils/Binaries/Win64/UE4Editor-MobilePatchingUtils.dll (API version 3709383).
LogModuleManager: Display: Found up-to-date module file ../../../Engine/Plugins/Runtime/Oculus/OculusVR/Binaries/Win64/UE4Editor-OculusHMD.dll (API version 3709383).
LogModuleManager: Display: Found up-to-date module file ../../../Engine/Plugins/Runtime/Oculus/OculusVR/Binaries/Win64/UE4Editor-OculusInput.dll (API version 3709383).
LogModuleManager: Display: Found up-to-date module file ../../../Engine/Plugins/Runtime/Oculus/OculusVR/Binaries/Win64/UE4Editor-OculusEditor.dll (API version 3709383).
LogModuleManager: Display: Found up-to-date module file ../../../Engine/Plugins/Runtime/PhysXVehicles/Binaries/Win64/UE4Editor-PhysXVehicles.dll (API version 3709383).
LogModuleManager: Display: Found up-to-date module file ../../../Engine/Plugins/Runtime/PhysXVehicles/Binaries/Win64/UE4Editor-PhysXVehiclesEditor.dll (API version 3709383).
LogModuleManager: Display: Found up-to-date module file ../../../Engine/Plugins/Runtime/ProceduralMeshComponent/Binaries/Win64/UE4Editor-ProceduralMeshComponent.dll (API version 3709383).
LogModuleManager: Display: Found up-to-date module file ../../../Engine/Plugins/Runtime/ProceduralMeshComponent/Binaries/Win64/UE4Editor-ProceduralMeshComponentEditor.dll (API version 3709383).
LogModuleManager: Display: Found up-to-date module file ../../../Engine/Plugins/Runtime/RuntimePhysXCooking/Binaries/Win64/UE4Editor-RuntimePhysXCooking.dll (API version 3709383).
LogModuleManager: Display: Found up-to-date module file ../../../Engine/Plugins/Runtime/Steam/SteamVR/Binaries/Win64/UE4Editor-SteamVR.dll (API version 3709383).
LogModuleManager: Display: Found up-to-date module file ../../../Engine/Plugins/Runtime/Steam/SteamVR/Binaries/Win64/UE4Editor-SteamVRController.dll (API version 3709383).
LogModuleManager: Display: Found up-to-date module file ../../../Engine/Plugins/Runtime/WindowsMoviePlayer/Binaries/Win64/UE4Editor-WindowsMoviePlayer.dll (API version 3709383).
LogPluginManager: Mounting plugin Paper2D
LogPluginManager: Mounting plugin LightPropagationVolume
LogPluginManager: Mounting plugin CodeLiteSourceCodeAccess
LogPluginManager: Mounting plugin GitSourceControl
LogPluginManager: Mounting plugin KDevelopSourceCodeAccess
LogPluginManager: Mounting plugin NullSourceCodeAccess
LogPluginManager: Mounting plugin PerforceSourceControl
LogPluginManager: Mounting plugin SubversionSourceControl
LogPluginManager: Mounting plugin UObjectPlugin
LogPluginManager: Mounting plugin VisualStudioCodeSourceCodeAccess
LogPluginManager: Mounting plugin VisualStudioSourceCodeAccess
LogPluginManager: Mounting plugin XCodeSourceCodeAccess
LogPluginManager: Mounting plugin AssetManagerEditor
LogPluginManager: Mounting plugin AudioCapture
LogPluginManager: Mounting plugin FacialAnimation
LogPluginManager: Mounting plugin GameplayTagsEditor
LogPluginManager: Mounting plugin MobileLauncherProfileWizard
LogPluginManager: Mounting plugin PluginBrowser
LogPluginManager: Mounting plugin SpeedTreeImporter
LogPluginManager: Mounting plugin AlembicImporter
LogPluginManager: Mounting plugin CharacterAI
LogPluginManager: Mounting plugin HTML5Networking
LogPluginManager: Mounting plugin AndroidMedia
LogPluginManager: Mounting plugin AvfMedia
LogPluginManager: Mounting plugin ImgMedia
LogPluginManager: Mounting plugin MediaCompositing
LogPluginManager: Mounting plugin MediaPlayerEditor
LogPluginManager: Mounting plugin WmfMedia
LogPluginManager: Mounting plugin TcpMessaging
LogPluginManager: Mounting plugin UdpMessaging
LogPluginManager: Mounting plugin ActorSequence
LogPluginManager: Mounting plugin LevelSequenceEditor
LogPluginManager: Mounting plugin MatineeToLevelSequence
LogPluginManager: Mounting plugin OnlineSubsystemGooglePlay
LogPluginManager: Mounting plugin OnlineSubsystemIOS
LogPluginManager: Mounting plugin OnlineSubsystem
LogPluginManager: Mounting plugin OnlineSubsystemNull
LogPluginManager: Mounting plugin OnlineSubsystemUtils
LogPluginManager: Mounting plugin AndroidDeviceProfileSelector
LogPluginManager: Mounting plugin AndroidMoviePlayer
LogPluginManager: Mounting plugin AndroidPermission
LogPluginManager: Mounting plugin AppleARKit
LogPluginManager: Mounting plugin AppleMoviePlayer
LogPluginManager: Mounting plugin ArchVisCharacter
LogPluginManager: Mounting plugin CableComponent
LogPluginManager: Mounting plugin CustomMeshComponent
LogPluginManager: Mounting plugin ExampleDeviceProfileSelector
LogPluginManager: Mounting plugin GoogleCloudMessaging
LogPluginManager: Mounting plugin ImmediatePhysics
LogPluginManager: Mounting plugin IOSDeviceProfileSelector
LogPluginManager: Mounting plugin LinuxDeviceProfileSelector
LogPluginManager: Mounting plugin LocationServicesBPLibrary
LogPluginManager: Mounting plugin MobilePatchingUtils
LogPluginManager: Mounting plugin OculusVR
LogPluginManager: Plugin shader directory ../../../Engine/Plugins/Runtime/Oculus/OculusVR/Shaders found
LogPluginManager: Mapping shader source directory ../../../Engine/Plugins/Runtime/Oculus/OculusVR/Shaders to virtual directory /Plugin/OculusVR
LogPluginManager: Mounting plugin PhysXVehicles
LogPluginManager: Mounting plugin ProceduralMeshComponent
LogPluginManager: Mounting plugin RuntimePhysXCooking
LogPluginManager: Mounting plugin SteamVR
LogPluginManager: Mounting plugin WindowsMoviePlayer
LogInit: Using libcurl 7.47.1
LogInit:  - built for x86_64-pc-win32
LogInit:  - supports SSL with OpenSSL/1.0.2g
LogInit:  - supports HTTP deflate (compression) using libz 1.2.8
LogInit:  - other features:
LogInit:      CURL_VERSION_SSL
LogInit:      CURL_VERSION_LIBZ
LogInit:      CURL_VERSION_IPV6
LogInit:      CURL_VERSION_ASYNCHDNS
LogInit:      CURL_VERSION_LARGEFILE
LogInit:      CURL_VERSION_IDN
LogInit:  CurlRequestOptions (configurable via config and command line):
LogInit:  - bVerifyPeer = false  - Libcurl will NOT verify peer certificate
LogInit:  - bUseHttpProxy = false  - Libcurl will NOT use HTTP proxy
LogInit:  - bDontReuseConnections = false  - Libcurl will reuse connections
LogInit:  - CertBundlePath = nullptr  - Libcurl will use whatever was configured at build time.
LogInit: Build: ++UE4+Release-4.18-CL-3794801
LogInit: Engine Version: 4.18.2-3794801+++UE4+Release-4.18
LogInit: Compatible Engine Version: 4.18.0-3709383+++UE4+Release-4.18
LogInit: Net CL: 3709383
LogDevObjectVersion: Number of dev versions registered: 16
LogDevObjectVersion:   Dev-Blueprints (B0D832E4-1F89-4F0D-ACCF-7EB736FD4AA2): 10
LogDevObjectVersion:   Dev-Build (E1C64328-A22C-4D53-A36C-8E866417BD8C): 0
LogDevObjectVersion:   Dev-Core (375EC13C-06E4-48FB-B500-84F0262A717E): 2
LogDevObjectVersion:   Dev-Editor (E4B068ED-F494-42E9-A231-DA0B2E46BB41): 20
LogDevObjectVersion:   Dev-Framework (CFFC743F-43B0-4480-9391-14DF171D2073): 30
LogDevObjectVersion:   Dev-Mobile (B02B49B5-BB20-44E9-A304-32B752E40360): 0
LogDevObjectVersion:   Dev-Networking (A4E4105C-59A1-49B5-A7C5-40C4547EDFEE): 0
LogDevObjectVersion:   Dev-Online (39C831C9-5AE6-47DC-9A44-9C173E1C8E7C): 0
LogDevObjectVersion:   Dev-Physics (78F01B33-EBEA-4F98-B9B4-84EACCB95AA2): 0
LogDevObjectVersion:   Dev-Platform (6631380F-2D4D-43E0-8009-CF276956A95A): 0
LogDevObjectVersion:   Dev-Rendering (12F88B9F-8875-4AFC-A67C-D90C383ABD29): 20
LogDevObjectVersion:   Dev-Sequencer (7B5AE74C-D270-4C10-A958-57980B212A5A): 4
LogDevObjectVersion:   Dev-VR (D7296918-1DD6-4BDD-9DE2-64A83CC13884): 0
LogDevObjectVersion:   Dev-LoadTimes (C2A15278-BFE7-4AFE-6C17-90FF531DF755): 1
LogDevObjectVersion:   Private-Geometry (6EACA3D4-40EC-4CC1-B786-8BED09428FC5): 1
LogDevObjectVersion:   Dev-AnimPhys (29E575DD-E0A3-4627-9D10-D276232CDCEA): 12
LogInit: Compiled (64-bit): Dec  8 2017 02:04:53
LogInit: Compiled with Visual C++: 19.00.24215.01
LogInit: Build Configuration: Development
LogInit: Branch Name: ++UE4+Release-4.18
LogInit: Command line: 
LogInit: Base directory: C:/Program Files/Epic Games/UE_4.18/Engine/Binaries/Win64/
LogInit: Installed Engine Build: 1
LogInit: Presizing for max 8388607 objects, including 0 objects not considered by GC, pre-allocating 0 bytes for permanent pool.
LogInit: Object subsystem initialized
[2018.01.15-14.05.32:641][  0]LogInit: Selected Device Profile: [Windows]
[2018.01.15-14.05.32:641][  0]LogInit: Applying CVar settings loaded from the selected device profile: [Windows]
[2018.01.15-14.05.32:656][  0]LogInit: Computer: EUAN-PC
[2018.01.15-14.05.32:656][  0]LogInit: User: Euan
[2018.01.15-14.05.32:656][  0]LogInit: CPU Page size=4096, Cores=4
[2018.01.15-14.05.32:656][  0]LogInit: High frequency timer resolution =3.417969 MHz
[2018.01.15-14.05.32:656][  0]LogMemory: Memory total: Physical=7.9GB (8GB approx)
[2018.01.15-14.05.32:656][  0]LogMemory: Platform Memory Stats for Windows
[2018.01.15-14.05.32:656][  0]LogMemory: Process Physical Memory: 273.11 MB used, 273.11 MB peak
[2018.01.15-14.05.32:656][  0]LogMemory: Process Virtual Memory: 271.79 MB used, 271.79 MB peak
[2018.01.15-14.05.32:656][  0]LogMemory: Physical Memory: 3837.12 MB used,  4290.32 MB free, 8127.44 MB total
[2018.01.15-14.05.32:656][  0]LogMemory: Virtual Memory: 678.83 MB used,  4290.32 MB free, 134217728.00 MB total
[2018.01.15-14.05.32:842][  0]LogInit: Using OS detected language (en-GB).
[2018.01.15-14.05.32:842][  0]LogInit: Using OS detected locale (en-GB).
[2018.01.15-14.05.32:846][  0]LogTextLocalizationManager: No specific localization for 'en-GB' exists, so the 'en' localization will be used.
[2018.01.15-14.05.33:315][  0]LogInit: Setting process to per monitor DPI aware
[2018.01.15-14.05.33:571][  0]LogD3D11RHI: D3D11 adapters:
[2018.01.15-14.05.33:611][  0]LogD3D11RHI:    0. 'NVIDIA GeForce GTX 1060 6GB' (Feature Level 11_0)
[2018.01.15-14.05.33:611][  0]LogD3D11RHI:       6061/0/4063 MB DedicatedVideo/DedicatedSystem/SharedSystem, Outputs:2, VendorId:0x10de
[2018.01.15-14.05.33:614][  0]LogD3D11RHI:    1. 'Microsoft Basic Render Driver' (Feature Level 11_0)
[2018.01.15-14.05.33:614][  0]LogD3D11RHI:       0/0/4063 MB DedicatedVideo/DedicatedSystem/SharedSystem, Outputs:0, VendorId:0x1414
[2018.01.15-14.05.33:614][  0]LogD3D11RHI: Chosen D3D11 Adapter: 0
[2018.01.15-14.05.33:619][  0]LogD3D11RHI: Creating new Direct3DDevice
[2018.01.15-14.05.33:619][  0]LogD3D11RHI:     GPU DeviceId: 0x1c03 (for the marketing name, search the web for "GPU Device Id")
[2018.01.15-14.05.33:619][  0]LogWindows: EnumDisplayDevices:
[2018.01.15-14.05.33:619][  0]LogWindows:    0. 'NVIDIA GeForce GTX 1060 6GB' (P:1 D:1)
[2018.01.15-14.05.33:619][  0]LogWindows:    1. 'NVIDIA GeForce GTX 1060 6GB' (P:0 D:1)
[2018.01.15-14.05.33:619][  0]LogWindows:    2. 'NVIDIA GeForce GTX 1060 6GB' (P:0 D:0)
[2018.01.15-14.05.33:619][  0]LogWindows:    3. 'NVIDIA GeForce GTX 1060 6GB' (P:0 D:0)
[2018.01.15-14.05.33:619][  0]LogWindows: DebugString: GetVideoDriverDetailsInvalid PrimaryIsNotTheChoosenAdapter GetVideoDriverDetailsInvalid PrimaryIsNotTheChoosenAdapter GetVideoDriverDetailsInvalid PrimaryIsNotTheChoosenAdapter GetVideoDriverDetailsInvalid PrimaryIsNotTheChoosenAdapter FoundDriverCount:0 
[2018.01.15-14.05.33:619][  0]LogD3D11RHI:     Adapter Name: NVIDIA GeForce GTX 1060 6GB
[2018.01.15-14.05.33:619][  0]LogD3D11RHI:   Driver Version: Unknown (internal:Unknown, unified:Unknown)
[2018.01.15-14.05.33:619][  0]LogD3D11RHI:      Driver Date: Unknown
[2018.01.15-14.05.33:619][  0]LogRHI: Texture pool is 4242 MB (70% of 6061 MB)
[2018.01.15-14.05.33:643][  0]LogD3D11RHI: Async texture creation enabled
[2018.01.15-14.05.33:665][  0]LogD3D11RHI: GPU Timing Frequency: 1000.000000 (Debug: 2 1)
[2018.01.15-14.05.33:713][  0]LogShaderCompilers: Guid format shader working directory is -53 characters bigger than the processId version (../../../../../../Users/Euan/Documents/Unreal Projects/Project-Z15-2D-Hons-Game/retroAestheticHons/Intermediate/Shaders/WorkingDirectory/3924/).
[2018.01.15-14.05.33:713][  0]LogShaderCompilers: Cleaned the shader compiler working directory 'C:/Users/Euan/AppData/Local/Temp/UnrealShaderWorkingDir/B32D11A04C5569341FC2A497A3A71933/'.
[2018.01.15-14.05.33:713][  0]LogShaderCompilers: Display: Using Local Shader Compiler.
[2018.01.15-14.05.34:625][  0]LogTemp: Display: Loaded TP AllDesktopTargetPlatform
[2018.01.15-14.05.34:681][  0]LogTemp: Display: Loaded TP MacClientTargetPlatform
[2018.01.15-14.05.34:740][  0]LogTemp: Display: Loaded TP MacNoEditorTargetPlatform
[2018.01.15-14.05.34:801][  0]LogTemp: Display: Loaded TP MacServerTargetPlatform
[2018.01.15-14.05.34:856][  0]LogTemp: Display: Loaded TP MacTargetPlatform
[2018.01.15-14.05.34:923][  0]LogTemp: Display: Loaded TP WindowsClientTargetPlatform
[2018.01.15-14.05.34:979][  0]LogTemp: Display: Loaded TP WindowsNoEditorTargetPlatform
[2018.01.15-14.05.35:039][  0]LogTemp: Display: Loaded TP WindowsServerTargetPlatform
[2018.01.15-14.05.35:090][  0]LogTemp: Display: Loaded TP WindowsTargetPlatform
[2018.01.15-14.05.35:149][  0]LogTemp: Display: Loaded TP Android_ASTCTargetPlatform
[2018.01.15-14.05.35:206][  0]LogTemp: Display: Loaded TP Android_ATCTargetPlatform
[2018.01.15-14.05.35:261][  0]LogTemp: Display: Loaded TP Android_DXTTargetPlatform
[2018.01.15-14.05.35:321][  0]LogTemp: Display: Loaded TP Android_ETC1TargetPlatform
[2018.01.15-14.05.35:376][  0]LogTemp: Display: Loaded TP Android_ETC2TargetPlatform
[2018.01.15-14.05.35:497][  0]LogTemp: Display: Loaded TP Android_MultiTargetPlatform
[2018.01.15-14.05.35:497][  0]LogTemp: Display: Loaded TP Android_PVRTCTargetPlatform
[2018.01.15-14.05.35:551][  0]LogTemp: Display: Loaded TP AndroidTargetPlatform
[2018.01.15-14.05.35:600][  0]LogTemp: Display: Loaded TP HTML5TargetPlatform
[2018.01.15-14.05.35:695][  0]LogTemp: Display: Loaded TP IOSTargetPlatform
[2018.01.15-14.05.35:729][  0]LogTemp: Display: Loaded TP TVOSTargetPlatform
[2018.01.15-14.05.35:784][  0]LogTemp: Display: Loaded TP LinuxClientTargetPlatform
[2018.01.15-14.05.35:841][  0]LogTemp: Display: Loaded TP LinuxNoEditorTargetPlatform
[2018.01.15-14.05.35:895][  0]LogTemp: Display: Loaded TP LinuxServerTargetPlatform
[2018.01.15-14.05.35:951][  0]LogTemp: Display: Loaded TP LinuxTargetPlatform
[2018.01.15-14.05.35:951][  0]LogTargetPlatformManager: Display: Building Assets For Windows
[2018.01.15-14.05.36:487][  0]LogDerivedDataCache: Display: Max Cache Size: 512 MB
[2018.01.15-14.05.36:557][  0]LogDerivedDataCache: Loaded boot cache 0.07s 78MB C:/Users/Euan/AppData/Local/UnrealEngine/4.18/DerivedDataCache/Boot.ddc.
[2018.01.15-14.05.36:557][  0]LogDerivedDataCache: Display: Loaded Boot cache: C:/Users/Euan/AppData/Local/UnrealEngine/4.18/DerivedDataCache/Boot.ddc
[2018.01.15-14.05.36:557][  0]LogDerivedDataCache: FDerivedDataBackendGraph:  Pak pak cache file ../../../../../../Users/Euan/Documents/Unreal Projects/Project-Z15-2D-Hons-Game/retroAestheticHons/DerivedDataCache/DDC.ddp not found, will not use a pak cache.
[2018.01.15-14.05.36:557][  0]LogDerivedDataCache: Unable to find inner node Pak for hierarchical cache Hierarchy.
[2018.01.15-14.05.36:557][  0]LogDerivedDataCache: FDerivedDataBackendGraph:  CompressedPak pak cache file ../../../../../../Users/Euan/Documents/Unreal Projects/Project-Z15-2D-Hons-Game/retroAestheticHons/DerivedDataCache/Compressed.ddp not found, will not use a pak cache.
[2018.01.15-14.05.36:557][  0]LogDerivedDataCache: Unable to find inner node CompressedPak for hierarchical cache Hierarchy.
[2018.01.15-14.05.36:572][  0]LogDerivedDataCache: Display: Pak cache opened for reading ../../../Engine/DerivedDataCache/Compressed.ddp.
[2018.01.15-14.05.36:583][  0]LogDerivedDataCache: Using Local data cache path C:/Users/Euan/AppData/Local/UnrealEngine/Common/DerivedDataCache: Writable
[2018.01.15-14.05.36:592][  0]LogMaterial: Verifying Global Shaders for PCD3D_SM5
[2018.01.15-14.05.36:592][  0]LogSlate: Using Freetype 2.6.0
[2018.01.15-14.05.36:593][  0]LogSlate: SlateFontCache - WITH_FREETYPE: 1, WITH_HARFBUZZ: 1
[2018.01.15-14.05.36:593][  0]LogSlate: SlateFontCache - WITH_FREETYPE: 1, WITH_HARFBUZZ: 1
[2018.01.15-14.05.36:951][  0]LogInit: Selected Device Profile: [Windows]
[2018.01.15-14.05.37:325][  0]LogSimplygon: Simplygon DLL not present - disabling.
[2018.01.15-14.05.37:383][  0]LogMeshReduction: Using SimplygonSwarm for distributed automatic mesh merging
[2018.01.15-14.05.37:383][  0]LogMeshReduction: Using QuadricMeshReduction for automatic static mesh reduction
[2018.01.15-14.05.37:383][  0]LogMeshReduction: No automatic skeletal mesh reduction module available
[2018.01.15-14.05.37:383][  0]LogMeshReduction: No automatic mesh merging module available
[2018.01.15-14.05.37:383][  0]LogMeshMerging: No automatic mesh merging module available
[2018.01.15-14.05.37:415][  0]LogNetVersion: retroAestheticHons , NetCL: 3709383, EngineNetVer: 2, GameNetVer: 0 (Checksum: 883974791)
[2018.01.15-14.05.37:588][  0]LogAssetRegistry: FAssetRegistry took 0.0263 seconds to start up
[2018.01.15-14.05.38:184][  0]LogPackageLocalizationCache: Processed 7 localized package path(s) for 2 prioritized culture(s) in 0.089390 seconds
[2018.01.15-14.05.38:189][  0]LogUObjectArray: 35900 objects as part of root set at end of initial load.
[2018.01.15-14.05.38:189][  0]LogUObjectAllocator: 7372024 out of 0 bytes used by permanent object pool.
[2018.01.15-14.05.38:189][  0]LogUObjectArray: CloseDisregardForGC: 0/0 objects in disregard for GC pool
[2018.01.15-14.05.38:249][  0]LogInit: WinSock: version 1.1 (2.2), MaxSocks=32767, MaxUdp=65467
[2018.01.15-14.05.40:622][  0]LogWmfMedia: Failed to load mf.dll
[2018.01.15-14.05.40:622][  0]LogWmfMedia: Failed to load required Windows Media Foundation libraries
[2018.01.15-14.05.40:688][  0]LogWindowsMoviePlayer: Could not load mf.dll. Library not found.
[2018.01.15-14.05.40:689][  0]LogWindowsMoviePlayer: Could not load mfplat.dll. Library not found.
[2018.01.15-14.05.40:689][  0]LogWindowsMoviePlayer: Could not load mfplay.dll. Library not found.
[2018.01.15-14.05.41:236][  0]LogTcpMessaging: Initializing TcpMessaging bridge
[2018.01.15-14.05.41:283][  0]LogUdpMessaging: Initializing bridge on interface 0.0.0.0:0 to multicast group 230.0.0.1:6666.
[2018.01.15-14.05.42:059][  0]LogMaterial: Uniform references updated for custom material expression Custom.
[2018.01.15-14.05.42:549][  0]SourceControl: Source control is disabled
[2018.01.15-14.05.42:549][  0]SourceControl: Source control is disabled
[2018.01.15-14.05.42:613][  0]SourceControl: Source control is disabled
[2018.01.15-14.05.42:677][  0]SourceControl: Source control is disabled
[2018.01.15-14.05.43:647][  0]LogAndroidPermission: UAndroidPermissionCallbackProxy::GetInstance
[2018.01.15-14.05.43:975][  0]LogOcInput: OculusInput pre-init called
[2018.01.15-14.05.44:302][  0]LogEngine: Initializing Engine...
[2018.01.15-14.05.44:304][  0]LogHMD: Failed to initialize OpenVR with code 110
[2018.01.15-14.05.44:512][  0]LogStats: UGameplayTagsManager::ConstructGameplayTagTree: Construct from data asset -  0.000 s
[2018.01.15-14.05.44:512][  0]LogStats: UGameplayTagsManager::ConstructGameplayTagTree: GameplayTagTreeChangedEvent.Broadcast -  0.000 s
[2018.01.15-14.05.44:663][  0]LogAIModule: Creating AISystem for world Untitled
[2018.01.15-14.05.44:676][  0]LogInit: XAudio2 using 'Speakers (Realtek High Definition Audio)' : 2 channels at 48 kHz using 32 bits per sample (channel mask 0x3)
[2018.01.15-14.05.44:691][  0]LogInit: FAudioDevice initialized.
[2018.01.15-14.05.44:776][  0]LogDerivedDataCache: Saved boot cache 0.08s 78MB C:/Users/Euan/AppData/Local/UnrealEngine/4.18/DerivedDataCache/Boot.ddc.
[2018.01.15-14.05.44:793][  0]LogInit: Texture streaming: Enabled
[2018.01.15-14.05.44:909][  0]LogEngineSessionManager: EngineSessionManager initialized
[2018.01.15-14.05.45:058][  0]LogInit: Transaction tracking system initialized
[2018.01.15-14.05.45:425][  0]BlueprintLog: New page: Editor Load
[2018.01.15-14.05.46:484][  0]LocalizationService: Localization service is disabled
[2018.01.15-14.05.47:345][  0]LogConsoleResponse: Display: 
[2018.01.15-14.05.47:526][  0]LogCook: Display: Max memory allowance for cook 16384mb min free memory 0mb
[2018.01.15-14.05.47:526][  0]LogCook: Display: Mobile HDR setting 1
[2018.01.15-14.05.47:527][  0]LogGameplayTags: Display: UGameplayTagsManager::DoneAddingNativeTags. DelegateIsBound: 0
[2018.01.15-14.05.48:853][  0]LogFileCache: Scanning file cache for directory 'C:/Users/Euan/Documents/Unreal Projects/Project-Z15-2D-Hons-Game/retroAestheticHons/Content/' took 0.02s
[2018.01.15-14.05.48:905][  0]SourceControl: Source control is disabled
[2018.01.15-14.05.48:905][  0]Cmd: MAP LOAD FILE="../../../../../../Users/Euan/Documents/Unreal Projects/Project-Z15-2D-Hons-Game/retroAestheticHons/Content/retroAestheticHons.umap" TEMPLATE=0 SHOWPROGRESS=1 FEATURELEVEL=3
[2018.01.15-14.05.48:905][  0]LightingResults: New page: Lighting Build
[2018.01.15-14.05.48:956][  0]MapCheck: New page: Map Check
[2018.01.15-14.05.48:956][  0]LightingResults: New page: Lighting Build
[2018.01.15-14.05.49:373][  0]LogAIModule: Creating AISystem for world retroAestheticHons
[2018.01.15-14.05.49:382][  0]LogEditorServer: Finished looking for orphan Actors (0.000 secs)
[2018.01.15-14.05.49:393][  0]Cmd: MAP CHECKDEP NOCLEARLOG
[2018.01.15-14.05.49:452][  0]MapCheck: Map check complete: 0 Error(s), 0 Warning(s), took 58.111ms to complete.
[2018.01.15-14.05.49:452][  0]LogFileHelpers: Loading map 'retroAestheticHons' took 0.547
[2018.01.15-14.05.49:513][  0]LogWindowsTextInputMethodSystem: Display: IME system now deactivated.
[2018.01.15-14.05.49:514][  0]LogWindowsTextInputMethodSystem: Display: IME system now deactivated.
[2018.01.15-14.05.49:599][  0]LogCollectionManager: Loaded 0 collections in 0.002112 seconds
[2018.01.15-14.05.49:694][  0]LogFileCache: Scanning file cache for directory 'C:/Users/Euan/Documents/Unreal Projects/Project-Z15-2D-Hons-Game/retroAestheticHons/Saved/Collections/' took 0.01s
[2018.01.15-14.05.49:694][  0]LogFileCache: Scanning file cache for directory 'C:/Users/Euan/Documents/Unreal Projects/Project-Z15-2D-Hons-Game/retroAestheticHons/Content/Developers/Euan/Collections/' took 0.01s
[2018.01.15-14.05.49:694][  0]LogFileCache: Scanning file cache for directory 'C:/Users/Euan/Documents/Unreal Projects/Project-Z15-2D-Hons-Game/retroAestheticHons/Content/Collections/' took 0.01s
[2018.01.15-14.05.49:694][  0]LogCollectionManager: Rebuilt the GUID cache for 0 collections in 0.000001 seconds
[2018.01.15-14.05.49:702][  0]LogContentBrowser: Native class hierarchy populated in 0.0076 seconds. Added 2363 classes and 519 folders.
[2018.01.15-14.05.49:787][  0]LogContentBrowser: Native class hierarchy updated for 'WidgetCarousel' in 0.0002 seconds. Added 0 classes and 0 folders.
[2018.01.15-14.05.49:832][  0]LogContentBrowser: Native class hierarchy updated for 'AddContentDialog' in 0.0002 seconds. Added 0 classes and 0 folders.
[2018.01.15-14.05.49:887][  0]LogContentBrowser: Native class hierarchy updated for 'SceneOutliner' in 0.0002 seconds. Added 1 classes and 2 folders.
[2018.01.15-14.05.49:944][  0]LogSlate: Took 0.000175 seconds to synchronously load lazily loaded font '../../../Engine/Content/Slate/Fonts/Roboto-Regular.ttf' (155K)
[2018.01.15-14.05.49:946][  0]LogSlate: Took 0.000250 seconds to synchronously load lazily loaded font '../../../Engine/Content/Slate/Fonts/Roboto-Bold.ttf' (160K)
[2018.01.15-14.05.49:951][  0]LogSlate: Took 0.000194 seconds to synchronously load lazily loaded font '../../../Engine/Content/Editor/Slate/Fonts/FontAwesome.ttf' (139K)
[2018.01.15-14.05.50:047][  0]LogRenderer: Reallocating scene render targets to support 1208x576 Format 10 NumSamples 1 (Frame:1).
[2018.01.15-14.05.50:086][  0]LogSlate: Took 0.000130 seconds to synchronously load lazily loaded font '../../../Engine/Content/Slate/Fonts/Roboto-Light.ttf' (159K)
[2018.01.15-14.05.50:236][  0]LogContentBrowser: Native class hierarchy updated for 'HierarchicalLODOutliner' in 0.0003 seconds. Added 1 classes and 2 folders.
[2018.01.15-14.05.50:236][  0]LogLoad: (Engine Initialization) Total time: 20.46 seconds
[2018.01.15-14.05.50:236][  0]LogLoad: (Engine Initialization) Total Blueprint compile time: 0.00 seconds
[2018.01.15-14.05.50:236][  0]LogExternalProfiler: Found external profiler: VSPerf
[2018.01.15-14.05.50:236][  0]LogExternalProfiler: Using external profiler: VSPerf
[2018.01.15-14.05.50:264][  0]LogAssetRegistry: Asset discovery search completed in 12.6979 seconds
[2018.01.15-14.05.50:265][  0]LogCollectionManager: Rebuilt the object cache for 0 collections in 0.000000 seconds (found 0 objects)
[2018.01.15-14.05.50:265][  0]LogCollectionManager: Fixed up redirectors for 0 collections in 0.000032 seconds (updated 0 objects)
[2018.01.15-14.05.50:267][  0]LogContentStreaming: Texture pool size now 1000 MB
[2018.01.15-14.05.51:268][108]LogSlate: Took 0.000152 seconds to synchronously load lazily loaded font '../../../Engine/Content/Slate/Fonts/Roboto-Light.ttf' (159K)
[2018.01.15-14.05.56:114][675]LogSlate: Took 0.000149 seconds to synchronously load lazily loaded font '../../../Engine/Content/Slate/Fonts/Roboto-Light.ttf' (159K)
[2018.01.15-14.05.56:401][675]LogContentBrowser: Native class hierarchy updated for 'BlueprintGraph' in 0.0005 seconds. Added 116 classes and 0 folders.
[2018.01.15-14.05.57:995][675]LogSlate: Took 0.000237 seconds to synchronously load lazily loaded font '../../../Engine/Content/Editor/Slate/Fonts/Roboto-BoldCondensed.ttf' (158K)
[2018.01.15-14.06.03:820][185]LogSlate: Took 0.000171 seconds to synchronously load lazily loaded font '../../../Engine/Content/Editor/Slate/Fonts/Roboto-Italic.ttf' (157K)
[2018.01.15-14.09.47:539][574]LogSlate: Took 0.002284 seconds to synchronously load lazily loaded font '../../../Engine/Content/Editor/Slate/Fonts/Roboto-BoldCondensedItalic.ttf' (160K)
[2018.01.15-14.10.13:761][365]BlueprintLog: New page: Compile bullet
[2018.01.15-14.10.14:731][421]BlueprintLog: New page: Compile BR74_Bullet
[2018.01.15-14.10.20:347][959]LogSavePackage: Save=38.23ms
[2018.01.15-14.10.20:347][959]LogSavePackage: Moving '../../../../../../Users/Euan/Documents/Unreal Projects/Project-Z15-2D-Hons-Game/retroAestheticHons/Saved/BR74_Bullet7A437F3F47A06AD4DA8BB0B6D55A2C2C.tmp' to '../../../../../../Users/Euan/Documents/Unreal Projects/Project-Z15-2D-Hons-Game/retroAestheticHons/Content/BluePrint/BR74_Bullet.uasset'
[2018.01.15-14.10.20:348][959]LogSavePackage: Display: Finished SavePackage ../../../../../../Users/Euan/Documents/Unreal Projects/Project-Z15-2D-Hons-Game/retroAestheticHons/Content/BluePrint/BR74_Bullet.uasset
[2018.01.15-14.15.19:841][941]Cmd: OBJ SAVEPACKAGE PACKAGE="/Game/BluePrint/bullet" FILE="../../../../../../Users/Euan/Documents/Unreal Projects/Project-Z15-2D-Hons-Game/retroAestheticHons/Content/BluePrint/bullet.uasset" SILENT=true
[2018.01.15-14.15.19:902][941]LogSavePackage: Save=36.81ms
[2018.01.15-14.15.19:902][941]LogSavePackage: Moving '../../../../../../Users/Euan/Documents/Unreal Projects/Project-Z15-2D-Hons-Game/retroAestheticHons/Saved/bullet687D63044EB97743C1C799820733D13E.tmp' to '../../../../../../Users/Euan/Documents/Unreal Projects/Project-Z15-2D-Hons-Game/retroAestheticHons/Content/BluePrint/bullet.uasset'
[2018.01.15-14.15.19:904][941]LogSavePackage: Display: Finished SavePackage ../../../../../../Users/Euan/Documents/Unreal Projects/Project-Z15-2D-Hons-Game/retroAestheticHons/Content/BluePrint/bullet.uasset
[2018.01.15-14.15.21:841][111]LogSavePackage: Save=37.26ms
[2018.01.15-14.15.21:841][111]LogSavePackage: Moving '../../../../../../Users/Euan/Documents/Unreal Projects/Project-Z15-2D-Hons-Game/retroAestheticHons/Saved/BR74_Bullet74100AB84697B698398C45990D76B0F7.tmp' to '../../../../../../Users/Euan/Documents/Unreal Projects/Project-Z15-2D-Hons-Game/retroAestheticHons/Content/BluePrint/BR74_Bullet.uasset'
[2018.01.15-14.15.21:845][111]LogSavePackage: Display: Finished SavePackage ../../../../../../Users/Euan/Documents/Unreal Projects/Project-Z15-2D-Hons-Game/retroAestheticHons/Content/BluePrint/BR74_Bullet.uasset
[2018.01.15-14.15.22:326][153]BlueprintLog: New page: Compile BR74_Bullet
[2018.01.15-14.15.23:543][243]BlueprintLog: New page: Compile bullet
[2018.01.15-14.15.24:105][273]Cmd: OBJ SAVEPACKAGE PACKAGE="/Game/BluePrint/bullet" FILE="../../../../../../Users/Euan/Documents/Unreal Projects/Project-Z15-2D-Hons-Game/retroAestheticHons/Content/BluePrint/bullet.uasset" SILENT=true
[2018.01.15-14.15.24:160][273]LogSavePackage: Save=41.80ms
[2018.01.15-14.15.24:160][273]LogSavePackage: Moving '../../../../../../Users/Euan/Documents/Unreal Projects/Project-Z15-2D-Hons-Game/retroAestheticHons/Saved/bulletEDBEB96C4990246BF05145AD314DEF80.tmp' to '../../../../../../Users/Euan/Documents/Unreal Projects/Project-Z15-2D-Hons-Game/retroAestheticHons/Content/BluePrint/bullet.uasset'
[2018.01.15-14.15.24:161][273]LogSavePackage: Display: Finished SavePackage ../../../../../../Users/Euan/Documents/Unreal Projects/Project-Z15-2D-Hons-Game/retroAestheticHons/Content/BluePrint/bullet.uasset
[2018.01.15-14.16.05:465][833]LogSavePackage: Save=27.42ms
[2018.01.15-14.16.05:465][833]LogSavePackage: Moving '../../../../../../Users/Euan/Documents/Unreal Projects/Project-Z15-2D-Hons-Game/retroAestheticHons/Saved/retroAestheticHons_Auto178749FC54DBB2731DF6514B1685BAF88.tmp' to '../../../../../../Users/Euan/Documents/Unreal Projects/Project-Z15-2D-Hons-Game/retroAestheticHons/Saved/Autosaves/Game/retroAestheticHons_Auto1.umap'
[2018.01.15-14.16.05:466][833]LogSavePackage: Display: Finished SavePackage ../../../../../../Users/Euan/Documents/Unreal Projects/Project-Z15-2D-Hons-Game/retroAestheticHons/Saved/Autosaves/Game/retroAestheticHons_Auto1.umap
[2018.01.15-14.16.05:468][833]LogFileHelpers: Editor autosave (incl. sublevels) for '/Game/retroAestheticHons' took 0.074
[2018.01.15-14.16.05:468][833]LogFileHelpers: Editor autosave (incl. sublevels) for all levels took 0.074
[2018.01.15-14.29.26:689][636]BlueprintLog: New page: Compile Z15
[2018.01.15-14.29.27:367][667]Cmd: OBJ SAVEPACKAGE PACKAGE="/Game/BluePrint/Z15" FILE="../../../../../../Users/Euan/Documents/Unreal Projects/Project-Z15-2D-Hons-Game/retroAestheticHons/Content/BluePrint/Z15.uasset" SILENT=true
[2018.01.15-14.29.27:511][667]LogSavePackage: Save=118.25ms
[2018.01.15-14.29.27:511][667]LogSavePackage: Moving '../../../../../../Users/Euan/Documents/Unreal Projects/Project-Z15-2D-Hons-Game/retroAestheticHons/Saved/Z15404A5693492ABFF8BA67BA9F8B0DEC4C.tmp' to '../../../../../../Users/Euan/Documents/Unreal Projects/Project-Z15-2D-Hons-Game/retroAestheticHons/Content/BluePrint/Z15.uasset'
[2018.01.15-14.29.27:515][667]LogSavePackage: Display: Finished SavePackage ../../../../../../Users/Euan/Documents/Unreal Projects/Project-Z15-2D-Hons-Game/retroAestheticHons/Content/BluePrint/Z15.uasset
[2018.01.15-14.30.03:248][746]LogSavePackage: Save=26.39ms
[2018.01.15-14.30.03:248][746]LogSavePackage: Moving '../../../../../../Users/Euan/Documents/Unreal Projects/Project-Z15-2D-Hons-Game/retroAestheticHons/Saved/retroAestheticHons_Auto2B2C897594AEE39913C84CDABD286B701.tmp' to '../../../../../../Users/Euan/Documents/Unreal Projects/Project-Z15-2D-Hons-Game/retroAestheticHons/Saved/Autosaves/Game/retroAestheticHons_Auto2.umap'
[2018.01.15-14.30.03:249][746]LogSavePackage: Display: Finished SavePackage ../../../../../../Users/Euan/Documents/Unreal Projects/Project-Z15-2D-Hons-Game/retroAestheticHons/Saved/Autosaves/Game/retroAestheticHons_Auto2.umap
[2018.01.15-14.30.03:250][746]LogFileHelpers: Editor autosave (incl. sublevels) for '/Game/retroAestheticHons' took 0.073
[2018.01.15-14.30.03:250][746]LogFileHelpers: Editor autosave (incl. sublevels) for all levels took 0.073
[2018.01.15-14.31.25:281][750]BlueprintLog: New page: Compile Z15
[2018.01.15-14.31.26:961][845]LogActorComponent: UnregisterComponent: (/Engine/Transient.EditorFloorComp) Not registered. Aborting.
[2018.01.15-14.31.27:021][845]LogActorComponent: UnregisterComponent: (/Engine/Transient.EditorFloorComp) Not registered. Aborting.
[2018.01.15-14.31.27:098][845]LogActorComponent: UnregisterComponent: (/Engine/Transient.EditorFloorComp) Not registered. Aborting.
[2018.01.15-14.31.27:162][845]LogActorComponent: UnregisterComponent: (/Engine/Transient.EditorFloorComp) Not registered. Aborting.
[2018.01.15-14.37.02:619][664]LogTemp: Repeating last play command: Selected Viewport
[2018.01.15-14.37.02:650][664]LogPlayLevel: PlayLevel: No blueprints needed recompiling
[2018.01.15-14.37.02:651][664]PIE: New page: PIE session: retroAestheticHons (15 Jan 2018 14:37:02)
[2018.01.15-14.37.02:651][664]LogPlayLevel: Creating play world package: /Game/UEDPIE_0_retroAestheticHons
[2018.01.15-14.37.02:652][664]LogPlayLevel: PIE: StaticDuplicateObject took: (0.001628s)
[2018.01.15-14.37.02:653][664]LogAIModule: Creating AISystem for world retroAestheticHons
[2018.01.15-14.37.02:653][664]LogPlayLevel: PIE: World Init took: (0.000896s)
[2018.01.15-14.37.02:653][664]LogPlayLevel: PIE: Created PIE world by copying editor world from /Game/retroAestheticHons.retroAestheticHons to /Game/UEDPIE_0_retroAestheticHons.retroAestheticHons (0.002787s)
[2018.01.15-14.37.02:682][664]LogInit: XAudio2 using 'Speakers (Realtek High Definition Audio)' : 2 channels at 48 kHz using 32 bits per sample (channel mask 0x3)
[2018.01.15-14.37.02:696][664]LogInit: FAudioDevice initialized.
[2018.01.15-14.37.02:738][664]LogLoad: Game class is 'GameMode1_C'
[2018.01.15-14.37.02:742][664]LogWorld: Bringing World /Game/UEDPIE_0_retroAestheticHons.retroAestheticHons up for play (max tick rate 0) at 2018.01.15-14.37.02
[2018.01.15-14.37.02:743][664]LogWorld: Bringing up level for play took: 0.003749
[2018.01.15-14.37.02:798][664]LogContentBrowser: Native class hierarchy updated for 'MovieSceneCapture' in 0.0002 seconds. Added 11 classes and 0 folders.
[2018.01.15-14.37.02:800][664]PIE: Play in editor start time for /Game/UEDPIE_0_retroAestheticHons 0.927
[2018.01.15-14.37.04:942][918]LogBlueprintUserMessages: [BR74_154] 80
[2018.01.15-14.37.04:942][918]LogBlueprintUserMessages: [BR74_154] 60
[2018.01.15-14.37.05:025][928]LogBlueprintUserMessages: [BR74_154] 40
[2018.01.15-14.37.05:108][938]LogBlueprintUserMessages: [BR74_154] 20
[2018.01.15-14.37.08:043][287]LogBlueprintUserMessages: [BR75_218] 80
[2018.01.15-14.37.08:085][292]LogBlueprintUserMessages: [BR75_218] 60
[2018.01.15-14.37.09:094][413]LogBlueprintUserMessages: [BR75_218] 40
[2018.01.15-14.37.09:094][413]LogBlueprintUserMessages: [BR75_218] 20
[2018.01.15-14.37.10:366][565]LogScript: Warning: Attempted to access BR75_218 via property K2Node_DynamicCast_AsBR74, but BR75_218 is pending kill
	bullet_C /Game/UEDPIE_0_retroAestheticHons.retroAestheticHons:PersistentLevel.bullet_C_11
	Function /Game/BluePrint/bullet.bullet_C:ExecuteUbergraph_bullet:018D
[2018.01.15-14.37.10:366][565]PIE: Error: Blueprint Runtime Error: Attempted to access BR75_218 via property K2Node_DynamicCast_AsBR74, but BR75_218 is pending kill from function: 'ExecuteUbergraph_bullet' from node: DMG BR74 in graph: EventGraph in object: bullet with description: Attempted to access BR75_218 via property K2Node_DynamicCast_AsBR74, but BR75_218 is pending kill
[2018.01.15-15.04.08:938][765]LogSavePackage: Save=37.53ms
[2018.01.15-15.04.08:939][765]LogSavePackage: Moving '../../../../../../Users/Euan/Documents/Unreal Projects/Project-Z15-2D-Hons-Game/retroAestheticHons/Saved/retroAestheticHons_Auto33C2EADB7425695B114FD7ABA96CB17BA.tmp' to '../../../../../../Users/Euan/Documents/Unreal Projects/Project-Z15-2D-Hons-Game/retroAestheticHons/Saved/Autosaves/Game/retroAestheticHons_Auto3.umap'
[2018.01.15-15.04.08:941][765]LogSavePackage: Display: Finished SavePackage ../../../../../../Users/Euan/Documents/Unreal Projects/Project-Z15-2D-Hons-Game/retroAestheticHons/Saved/Autosaves/Game/retroAestheticHons_Auto3.umap
[2018.01.15-15.04.08:942][765]LogFileHelpers: Editor autosave (incl. sublevels) for '/Game/retroAestheticHons' took 0.108
[2018.01.15-15.04.08:942][765]LogFileHelpers: Editor autosave (incl. sublevels) for all levels took 0.108
[2018.01.15-19.54.05:569][515]LogSavePackage: Save=33.40ms
[2018.01.15-19.54.05:570][515]LogSavePackage: Moving '../../../../../../Users/Euan/Documents/Unreal Projects/Project-Z15-2D-Hons-Game/retroAestheticHons/Saved/retroAestheticHonsD5590C3B4B7E6B7D22D83888356E2480.tmp' to '../../../../../../Users/Euan/Documents/Unreal Projects/Project-Z15-2D-Hons-Game/retroAestheticHons/Content/retroAestheticHons.umap'
[2018.01.15-19.54.05:573][515]LogSavePackage: Display: Finished SavePackage ../../../../../../Users/Euan/Documents/Unreal Projects/Project-Z15-2D-Hons-Game/retroAestheticHons/Content/retroAestheticHons.umap
[2018.01.15-19.54.05:613][515]LogFileHelpers: Saving map 'retroAestheticHons' took 0.544
[2018.01.15-19.54.05:892][516]Cmd: QUIT_EDITOR
[2018.01.15-19.54.05:950][516]LogWindowsTextInputMethodSystem: Display: IME system now deactivated.
[2018.01.15-19.54.05:950][516]LogWindowsTextInputMethodSystem: Display: IME system now deactivated.
[2018.01.15-19.54.05:963][516]LogExit: Preparing to exit.
[2018.01.15-19.54.06:693][516]LogDirectoryWatcher: A directory notification for 'C:/Users/Euan/Documents/Unreal Projects/Project-Z15-2D-Hons-Game/retroAestheticHons/Content/' was aborted.
[2018.01.15-19.54.06:790][516]LogExit: Editor shut down
[2018.01.15-19.54.06:816][516]LogExit: Transaction tracking system shut down
[2018.01.15-19.54.06:982][516]LogDirectoryWatcher: A directory notification for '../../../Engine/Content/' was aborted.
[2018.01.15-19.54.06:982][516]LogDirectoryWatcher: A directory notification for '../../../../../../Users/Euan/Documents/Unreal Projects/Project-Z15-2D-Hons-Game/retroAestheticHons/Content/' was aborted.
[2018.01.15-19.54.06:982][516]LogDirectoryWatcher: A directory notification for '../../../Engine/Plugins/2D/Paper2D/Content/' was aborted.
[2018.01.15-19.54.06:982][516]LogDirectoryWatcher: A directory notification for '../../../Engine/Plugins/Media/MediaCompositing/Content/' was aborted.
[2018.01.15-19.54.06:982][516]LogDirectoryWatcher: A directory notification for '../../../Engine/Plugins/Runtime/AppleARKit/Content/' was aborted.
[2018.01.15-19.54.06:982][516]LogDirectoryWatcher: A directory notification for '../../../Engine/Plugins/Runtime/Oculus/OculusVR/Content/' was aborted.
[2018.01.15-19.54.06:982][516]LogDirectoryWatcher: A directory notification for '../../../Engine/Plugins/Runtime/Steam/SteamVR/Content/' was aborted.
[2018.01.15-19.54.07:150][516]LogExit: Object subsystem successfully closed.
[2018.01.15-19.54.07:171][516]LogD3D11RHI: Shutdown
[2018.01.15-19.54.07:171][516]LogD3D11RHI: CleanupD3DDevice
[2018.01.15-19.54.07:176][516]LogD3D11RHI: ~FD3D11DynamicRHI
[2018.01.15-19.54.07:200][516]LogModuleManager: Shutting down and abandoning module MovieSceneCapture (552)
[2018.01.15-19.54.07:200][516]LogModuleManager: Shutting down and abandoning module BlueprintGraph (550)
[2018.01.15-19.54.07:200][516]LogModuleManager: Shutting down and abandoning module HierarchicalLODOutliner (548)
[2018.01.15-19.54.07:200][516]LogModuleManager: Shutting down and abandoning module SceneOutliner (546)
[2018.01.15-19.54.07:200][516]LogModuleManager: Shutting down and abandoning module AddContentDialog (544)
[2018.01.15-19.54.07:200][516]LogDirectoryWatcher: A directory notification for 'C:/Program Files/Epic Games/UE_4.18/FeaturePacks/' was aborted.
[2018.01.15-19.54.07:205][516]LogModuleManager: Shutting down and abandoning module WidgetCarousel (543)
[2018.01.15-19.54.07:205][516]LogModuleManager: Shutting down and abandoning module EditorWidgets (540)
[2018.01.15-19.54.07:205][516]LogModuleManager: Shutting down and abandoning module CollectionManager (538)
[2018.01.15-19.54.07:205][516]LogDirectoryWatcher: A directory notification for 'C:/Users/Euan/Documents/Unreal Projects/Project-Z15-2D-Hons-Game/retroAestheticHons/Content/Collections/' was aborted.
[2018.01.15-19.54.07:205][516]LogDirectoryWatcher: A directory notification for 'C:/Users/Euan/Documents/Unreal Projects/Project-Z15-2D-Hons-Game/retroAestheticHons/Content/Developers/Euan/Collections/' was aborted.
[2018.01.15-19.54.07:205][516]LogDirectoryWatcher: A directory notification for 'C:/Users/Euan/Documents/Unreal Projects/Project-Z15-2D-Hons-Game/retroAestheticHons/Saved/Collections/' was aborted.
[2018.01.15-19.54.07:205][516]LogModuleManager: Shutting down and abandoning module StatsViewer (536)
[2018.01.15-19.54.07:205][516]LogModuleManager: Shutting down and abandoning module FoliageEdit (534)
[2018.01.15-19.54.07:205][516]LogModuleManager: Shutting down and abandoning module LandscapeEditor (532)
[2018.01.15-19.54.07:206][516]LogModuleManager: Shutting down and abandoning module MeshPaintMode (530)
[2018.01.15-19.54.07:206][516]LogModuleManager: Shutting down and abandoning module SceneDepthPickerMode (528)
[2018.01.15-19.54.07:206][516]LogModuleManager: Shutting down and abandoning module ActorPickerMode (526)
[2018.01.15-19.54.07:206][516]LogModuleManager: Shutting down and abandoning module GeometryMode (524)
[2018.01.15-19.54.07:206][516]LogModuleManager: Shutting down and abandoning module TextureAlignMode (522)
[2018.01.15-19.54.07:206][516]LogModuleManager: Shutting down and abandoning module BspMode (520)
[2018.01.15-19.54.07:206][516]LogModuleManager: Shutting down and abandoning module PIEPreviewDeviceProfileSelector (518)
[2018.01.15-19.54.07:206][516]LogModuleManager: Shutting down and abandoning module HardwareSurvey (516)
[2018.01.15-19.54.07:206][516]LogModuleManager: Shutting down and abandoning module SequenceRecorderSections (514)
[2018.01.15-19.54.07:206][516]LogModuleManager: Shutting down and abandoning module AutomationWorker (512)
[2018.01.15-19.54.07:206][516]LogModuleManager: Shutting down and abandoning module MatineeToLevelSequence (510)
[2018.01.15-19.54.07:206][516]LogModuleManager: Shutting down and abandoning module LevelSequenceEditor (508)
[2018.01.15-19.54.07:206][516]LogModuleManager: Shutting down and abandoning module PlacementMode (507)
[2018.01.15-19.54.07:206][516]LogModuleManager: Shutting down and abandoning module WmfMediaFactory (504)
[2018.01.15-19.54.07:206][516]LogModuleManager: Shutting down and abandoning module WmfMediaEditor (502)
[2018.01.15-19.54.07:206][516]LogModuleManager: Shutting down and abandoning module OpenExrWrapper (500)
[2018.01.15-19.54.07:206][516]LogModuleManager: Shutting down and abandoning module ImgMediaFactory (498)
[2018.01.15-19.54.07:206][516]LogModuleManager: Shutting down and abandoning module ImgMediaEditor (496)
[2018.01.15-19.54.07:206][516]LogModuleManager: Shutting down and abandoning module AvfMediaFactory (494)
[2018.01.15-19.54.07:206][516]LogModuleManager: Shutting down and abandoning module AvfMediaEditor (492)
[2018.01.15-19.54.07:207][516]LogModuleManager: Shutting down and abandoning module AndroidMediaFactory (490)
[2018.01.15-19.54.07:207][516]LogModuleManager: Shutting down and abandoning module AndroidMediaEditor (488)
[2018.01.15-19.54.07:207][516]LogModuleManager: Shutting down and abandoning module CharacterAI (486)
[2018.01.15-19.54.07:207][516]LogModuleManager: Shutting down and abandoning module AudioCapture (484)
[2018.01.15-19.54.07:207][516]LogModuleManager: Shutting down and abandoning module SequenceRecorder (483)
[2018.01.15-19.54.07:207][516]LogModuleManager: Shutting down and abandoning module SmartSnapping (480)
[2018.01.15-19.54.07:207][516]LogModuleManager: Shutting down and abandoning module SessionServices (478)
[2018.01.15-19.54.07:207][516]LogModuleManager: Shutting down and abandoning module ViewportSnapping (476)
[2018.01.15-19.54.07:207][516]LogModuleManager: Shutting down and abandoning module ViewportInteraction (474)
[2018.01.15-19.54.07:207][516]LogModuleManager: Shutting down and abandoning module ClothPainter (472)
[2018.01.15-19.54.07:207][516]LogModuleManager: Shutting down and abandoning module SkeletalMeshEditor (471)
[2018.01.15-19.54.07:207][516]LogModuleManager: Shutting down and abandoning module LogVisualizer (468)
[2018.01.15-19.54.07:207][516]LogModuleManager: Shutting down and abandoning module IntroTutorials (466)
[2018.01.15-19.54.07:207][516]LogModuleManager: Shutting down and abandoning module GameProjectGeneration (465)
[2018.01.15-19.54.07:207][516]LogModuleManager: Shutting down and abandoning module IOSPlatformEditor (462)
[2018.01.15-19.54.07:207][516]LogModuleManager: Shutting down and abandoning module HTML5PlatformEditor (460)
[2018.01.15-19.54.07:207][516]LogModuleManager: Shutting down and abandoning module AndroidPlatformEditor (458)
[2018.01.15-19.54.07:207][516]LogModuleManager: Shutting down and abandoning module AndroidDeviceDetection (457)
[2018.01.15-19.54.07:995][516]LogModuleManager: Shutting down and abandoning module WindowsPlatformEditor (454)
[2018.01.15-19.54.07:995][516]LogModuleManager: Shutting down and abandoning module IOSRuntimeSettings (452)
[2018.01.15-19.54.07:995][516]LogModuleManager: Shutting down and abandoning module AndroidRuntimeSettings (450)
[2018.01.15-19.54.07:995][516]LogModuleManager: Shutting down and abandoning module InputBindingEditor (448)
[2018.01.15-19.54.07:995][516]LogModuleManager: Shutting down and abandoning module MergeActors (446)
[2018.01.15-19.54.07:995][516]LogModuleManager: Shutting down and abandoning module SizeMap (444)
[2018.01.15-19.54.07:995][516]LogModuleManager: Shutting down and abandoning module TreeMap (442)
[2018.01.15-19.54.07:995][516]LogModuleManager: Shutting down and abandoning module ReferenceViewer (440)
[2018.01.15-19.54.07:995][516]LogModuleManager: Shutting down and abandoning module LocalizationDashboard (438)
[2018.01.15-19.54.07:995][516]LogModuleManager: Shutting down and abandoning module LocalizationService (437)
[2018.01.15-19.54.07:995][516]LogModuleManager: Shutting down and abandoning module HardwareTargeting (434)
[2018.01.15-19.54.07:995][516]LogModuleManager: Shutting down and abandoning module DeviceProfileEditor (432)
[2018.01.15-19.54.07:995][516]LogModuleManager: Shutting down and abandoning module UndoHistory (430)
[2018.01.15-19.54.07:995][516]LogModuleManager: Shutting down and abandoning module XmlParser (428)
[2018.01.15-19.54.07:995][516]LogModuleManager: Shutting down and abandoning module Blutility (426)
[2018.01.15-19.54.07:995][516]LogModuleManager: Shutting down and abandoning module ProjectSettingsViewer (424)
[2018.01.15-19.54.07:995][516]LogModuleManager: Shutting down and abandoning module ProjectTargetPlatformEditor (423)
[2018.01.15-19.54.07:995][516]LogModuleManager: Shutting down and abandoning module EditorSettingsViewer (420)
[2018.01.15-19.54.07:995][516]LogModuleManager: Shutting down and abandoning module SettingsEditor (418)
[2018.01.15-19.54.07:996][516]LogModuleManager: Shutting down and abandoning module ProjectLauncher (416)
[2018.01.15-19.54.07:996][516]LogModuleManager: Shutting down and abandoning module SessionFrontend (414)
[2018.01.15-19.54.07:996][516]LogModuleManager: Shutting down and abandoning module ProfilerClient (412)
[2018.01.15-19.54.07:996][516]LogModuleManager: Shutting down and abandoning module DeviceManager (410)
[2018.01.15-19.54.07:996][516]LogModuleManager: Shutting down and abandoning module TargetDeviceServices (409)
[2018.01.15-19.54.08:059][516]LogModuleManager: Shutting down and abandoning module AutomationController (406)
[2018.01.15-19.54.08:059][516]LogModuleManager: Shutting down and abandoning module AutomationWindow (404)
[2018.01.15-19.54.08:059][516]LogModuleManager: Shutting down and abandoning module Layers (402)
[2018.01.15-19.54.08:059][516]LogModuleManager: Shutting down and abandoning module ComponentVisualizers (400)
[2018.01.15-19.54.08:059][516]LogModuleManager: Shutting down and abandoning module DetailCustomizations (398)
[2018.01.15-19.54.08:059][516]LogModuleManager: Shutting down and abandoning module PackagesDialog (396)
[2018.01.15-19.54.08:059][516]LogModuleManager: Shutting down and abandoning module Persona (394)
[2018.01.15-19.54.08:059][516]LogModuleManager: Shutting down and abandoning module AdvancedPreviewScene (393)
[2018.01.15-19.54.08:059][516]LogModuleManager: Shutting down and abandoning module AnimGraph (391)
[2018.01.15-19.54.08:059][516]LogModuleManager: Shutting down and abandoning module Kismet (388)
[2018.01.15-19.54.08:069][516]LogModuleManager: Shutting down and abandoning module ClassViewer (386)
[2018.01.15-19.54.08:069][516]LogModuleManager: Shutting down and abandoning module Toolbox (384)
[2018.01.15-19.54.08:069][516]LogModuleManager: Shutting down and abandoning module ModuleUI (382)
[2018.01.15-19.54.08:069][516]LogModuleManager: Shutting down and abandoning module MovieSceneTools (380)
[2018.01.15-19.54.08:069][516]LogModuleManager: Shutting down and abandoning module OutputLog (378)
[2018.01.15-19.54.08:069][516]LogModuleManager: Shutting down and abandoning module GammaUI (376)
[2018.01.15-19.54.08:069][516]LogModuleManager: Shutting down and abandoning module Documentation (374)
[2018.01.15-19.54.08:069][516]LogModuleManager: Shutting down and abandoning module MovieSceneTracks (372)
[2018.01.15-19.54.08:069][516]LogModuleManager: Shutting down and abandoning module MovieScene (370)
[2018.01.15-19.54.08:069][516]LogModuleManager: Shutting down and abandoning module StreamingPauseRendering (368)
[2018.01.15-19.54.08:069][516]LogModuleManager: Shutting down and abandoning module LauncherPlatform (366)
[2018.01.15-19.54.08:069][516]LogModuleManager: Shutting down and abandoning module AnalyticsET (364)
[2018.01.15-19.54.08:069][516]LogModuleManager: Shutting down and abandoning module PortalServices (362)
[2018.01.15-19.54.08:069][516]LogModuleManager: Shutting down and abandoning module PortalRpc (360)
[2018.01.15-19.54.08:069][516]LogModuleManager: Shutting down and abandoning module MessagingRpc (358)
[2018.01.15-19.54.08:069][516]LogModuleManager: Shutting down and abandoning module AIModule (356)
[2018.01.15-19.54.08:069][516]LogModuleManager: Shutting down and abandoning module GameplayDebugger (355)
[2018.01.15-19.54.08:069][516]LogModuleManager: Shutting down and abandoning module AITestSuite (353)
[2018.01.15-19.54.08:069][516]LogModuleManager: Shutting down and abandoning module DesktopPlatform (350)
[2018.01.15-19.54.08:069][516]LogModuleManager: Shutting down and abandoning module ProfilerService (348)
[2018.01.15-19.54.08:096][516]LogModuleManager: Shutting down and abandoning module TaskGraph (346)
[2018.01.15-19.54.08:096][516]LogModuleManager: Shutting down and abandoning module SteamVRController (344)
[2018.01.15-19.54.08:096][516]LogModuleManager: Shutting down and abandoning module ProceduralMeshComponentEditor (342)
[2018.01.15-19.54.08:096][516]LogModuleManager: Shutting down and abandoning module ProceduralMeshComponent (340)
[2018.01.15-19.54.08:096][516]LogModuleManager: Shutting down and abandoning module OculusInput (338)
[2018.01.15-19.54.08:096][516]LogModuleManager: Shutting down and abandoning module MobilePatchingUtils (336)
[2018.01.15-19.54.08:096][516]LogModuleManager: Shutting down and abandoning module CustomMeshComponent (334)
[2018.01.15-19.54.08:096][516]LogModuleManager: Shutting down and abandoning module CableComponent (332)
[2018.01.15-19.54.08:096][516]LogModuleManager: Shutting down and abandoning module ArchVisCharacter (330)
[2018.01.15-19.54.08:096][516]LogModuleManager: Shutting down and abandoning module AndroidPermission (328)
[2018.01.15-19.54.08:096][516]LogModuleManager: Shutting down and abandoning module ActorSequence (324)
[2018.01.15-19.54.08:096][516]LogModuleManager: Shutting down and abandoning module MediaPlayerEditor (322)
[2018.01.15-19.54.08:096][516]LogModuleManager: Shutting down and abandoning module MediaCompositingEditor (320)
[2018.01.15-19.54.08:096][516]LogModuleManager: Shutting down and abandoning module MediaCompositing (318)
[2018.01.15-19.54.08:096][516]LogModuleManager: Shutting down and abandoning module HTML5Networking (316)
[2018.01.15-19.54.08:096][516]LogModuleManager: Shutting down and abandoning module AlembicImporter (314)
[2018.01.15-19.54.08:096][516]LogModuleManager: Shutting down and abandoning module AlembicLibrary (313)
[2018.01.15-19.54.08:097][516]LogModuleManager: Shutting down and abandoning module GeometryCache (312)
[2018.01.15-19.54.08:097][516]LogModuleManager: Shutting down and abandoning module GeometryCacheEd (311)
[2018.01.15-19.54.08:097][516]LogModuleManager: Shutting down and abandoning module SpeedTreeImporter (306)
[2018.01.15-19.54.08:097][516]LogModuleManager: Shutting down and abandoning module PluginBrowser (304)
[2018.01.15-19.54.08:097][516]LogModuleManager: Shutting down and abandoning module MobileLauncherProfileWizard (302)
[2018.01.15-19.54.08:097][516]LogModuleManager: Shutting down and abandoning module VisualStudioSourceCodeAccess (300)
[2018.01.15-19.54.08:097][516]LogModuleManager: Shutting down and abandoning module VisualStudioCodeSourceCodeAccess (298)
[2018.01.15-19.54.08:097][516]LogModuleManager: Shutting down and abandoning module UObjectPlugin (296)
[2018.01.15-19.54.08:097][516]LogModuleManager: Shutting down and abandoning module SubversionSourceControl (294)
[2018.01.15-19.54.08:097][516]LogModuleManager: Shutting down and abandoning module PerforceSourceControl (292)
[2018.01.15-19.54.08:097][516]LogModuleManager: Shutting down and abandoning module GitSourceControl (290)
[2018.01.15-19.54.08:097][516]LogModuleManager: Shutting down and abandoning module SourceControl (289)
[2018.01.15-19.54.08:097][516]LogModuleManager: Shutting down and abandoning module LightPropagationVolumeEditor (286)
[2018.01.15-19.54.08:097][516]LogModuleManager: Shutting down and abandoning module PaperTiledImporter (284)
[2018.01.15-19.54.08:097][516]LogModuleManager: Shutting down and abandoning module PaperSpriteSheetImporter (282)
[2018.01.15-19.54.08:097][516]LogModuleManager: Shutting down and abandoning module Paper2DEditor (280)
[2018.01.15-19.54.08:097][516]LogModuleManager: Shutting down and abandoning module MeshPaint (279)
[2018.01.15-19.54.08:097][516]LogModuleManager: Shutting down and abandoning module LevelEditor (277)
[2018.01.15-19.54.08:099][516]LogModuleManager: Shutting down and abandoning module PixelInspectorModule (276)
[2018.01.15-19.54.08:099][516]LogModuleManager: Shutting down and abandoning module MainFrame (274)
[2018.01.15-19.54.08:099][516]LogModuleManager: Shutting down and abandoning module HotReload (273)
[2018.01.15-19.54.08:099][516]LogModuleManager: Shutting down and abandoning module RuntimePhysXCooking (268)
[2018.01.15-19.54.08:099][516]LogModuleManager: Shutting down and abandoning module PhysXVehiclesEditor (266)
[2018.01.15-19.54.08:099][516]LogModuleManager: Shutting down and abandoning module PhysXVehicles (264)
[2018.01.15-19.54.08:099][516]LogModuleManager: Shutting down and abandoning module OculusEditor (262)
[2018.01.15-19.54.08:099][516]LogModuleManager: Shutting down and abandoning module LocationServicesBPLibrary (260)
[2018.01.15-19.54.08:100][516]LogModuleManager: Shutting down and abandoning module ImmediatePhysicsEditor (258)
[2018.01.15-19.54.08:100][516]LogModuleManager: Shutting down and abandoning module ImmediatePhysics (256)
[2018.01.15-19.54.08:100][516]LogModuleManager: Shutting down and abandoning module UdpMessaging (254)
[2018.01.15-19.54.08:200][516]LogModuleManager: Shutting down and abandoning module TcpMessaging (252)
[2018.01.15-19.54.08:301][516]LogModuleManager: Shutting down and abandoning module GameplayTagsEditor (250)
[2018.01.15-19.54.08:301][516]LogModuleManager: Shutting down and abandoning module FacialAnimationEditor (248)
[2018.01.15-19.54.08:301][516]LogModuleManager: Shutting down and abandoning module FacialAnimation (246)
[2018.01.15-19.54.08:301][516]LogModuleManager: Shutting down and abandoning module AssetManagerEditor (244)
[2018.01.15-19.54.08:301][516]LogModuleManager: Shutting down and abandoning module GraphEditor (243)
[2018.01.15-19.54.08:301][516]LogModuleManager: Shutting down and abandoning module ContentBrowser (241)
[2018.01.15-19.54.08:303][516]LogModuleManager: Shutting down and abandoning module LightPropagationVolumeRuntime (238)
[2018.01.15-19.54.08:303][516]LogModuleManager: Shutting down and abandoning module Paper2D (236)
[2018.01.15-19.54.08:303][516]LogModuleManager: Shutting down and abandoning module WindowsMoviePlayer (234)
[2018.01.15-19.54.08:303][516]LogModuleManager: Shutting down and abandoning module WmfMedia (232)
[2018.01.15-19.54.08:303][516]LogModuleManager: Shutting down and abandoning module ImgMedia (230)
[2018.01.15-19.54.08:303][516]LogModuleManager: Shutting down and abandoning module PacketHandler (228)
[2018.01.15-19.54.08:303][516]LogModuleManager: Shutting down and abandoning module ClothingSystemEditor (226)
[2018.01.15-19.54.08:303][516]LogModuleManager: Shutting down and abandoning module ClothingSystemRuntime (224)
[2018.01.15-19.54.08:303][516]LogModuleManager: Shutting down and abandoning module MediaAssets (222)
[2018.01.15-19.54.08:303][516]LogModuleManager: Shutting down and abandoning module Media (221)
[2018.01.15-19.54.08:309][516]LogModuleManager: Shutting down and abandoning module Overlay (218)
[2018.01.15-19.54.08:309][516]LogModuleManager: Shutting down and abandoning module OverlayEditor (217)
[2018.01.15-19.54.08:309][516]LogModuleManager: Shutting down and abandoning module VREditor (214)
[2018.01.15-19.54.08:309][516]LogModuleManager: Shutting down and abandoning module StringTableEditor (212)
[2018.01.15-19.54.08:309][516]LogModuleManager: Shutting down and abandoning module GameplayTasksEditor (210)
[2018.01.15-19.54.08:309][516]LogModuleManager: Shutting down and abandoning module BehaviorTreeEditor (208)
[2018.01.15-19.54.08:309][516]LogModuleManager: Shutting down and abandoning module FunctionalTesting (206)
[2018.01.15-19.54.08:309][516]LogModuleManager: Shutting down and abandoning module CollisionAnalyzer (204)
[2018.01.15-19.54.08:309][516]LogModuleManager: Shutting down and abandoning module WorkspaceMenuStructure (203)
[2018.01.15-19.54.08:309][516]LogModuleManager: Shutting down and abandoning module UMG (200)
[2018.01.15-19.54.08:309][516]LogModuleManager: Shutting down and abandoning module UMGEditor (199)
[2018.01.15-19.54.08:309][516]LogModuleManager: Shutting down and abandoning module Sequencer (198)
[2018.01.15-19.54.08:310][516]LogModuleManager: Shutting down and abandoning module MessageLog (195)
[2018.01.15-19.54.08:310][516]LogModuleManager: Shutting down and abandoning module SlateReflector (190)
[2018.01.15-19.54.08:310][516]LogModuleManager: Shutting down and abandoning module Slate (188)
[2018.01.15-19.54.08:310][516]LogModuleManager: Shutting down and abandoning module EditorStyle (186)
[2018.01.15-19.54.08:313][516]LogModuleManager: Shutting down and abandoning module MRMesh (184)
[2018.01.15-19.54.08:313][516]LogModuleManager: Shutting down and abandoning module SourceCodeAccess (182)
[2018.01.15-19.54.08:313][516]LogModuleManager: Shutting down and abandoning module HeadMountedDisplay (180)
[2018.01.15-19.54.08:313][516]LogModuleManager: Shutting down and abandoning module XAudio2 (178)
[2018.01.15-19.54.08:313][516]LogModuleManager: Shutting down and abandoning module Networking (176)
[2018.01.15-19.54.08:313][516]LogModuleManager: Shutting down and abandoning module Core (172)
[2018.01.15-19.54.08:313][516]LogModuleManager: Shutting down and abandoning module LevelSequence (168)
[2018.01.15-19.54.08:313][516]LogModuleManager: Shutting down and abandoning module DirectoryWatcher (166)
[2018.01.15-19.54.08:319][516]LogModuleManager: Shutting down and abandoning module KismetCompiler (164)
[2018.01.15-19.54.08:319][516]LogModuleManager: Shutting down and abandoning module MeshUtilities (162)
[2018.01.15-19.54.08:320][516]LogModuleManager: Shutting down and abandoning module MeshMergeUtilities (161)
[2018.01.15-19.54.08:320][516]LogModuleManager: Shutting down and abandoning module MeshReductionInterface (160)
[2018.01.15-19.54.08:320][516]LogModuleManager: Shutting down and abandoning module SimplygonSwarm (159)
[2018.01.15-19.54.08:320][516]LogModuleManager: Shutting down and abandoning module SimplygonMeshReduction (157)
[2018.01.15-19.54.08:320][516]LogModuleManager: Shutting down and abandoning module QuadricMeshReduction (155)
[2018.01.15-19.54.08:320][516]LogModuleManager: Shutting down and abandoning module MaterialBaking (151)
[2018.01.15-19.54.08:320][516]LogModuleManager: Shutting down and abandoning module DerivedDataCache (148)
[2018.01.15-19.54.08:360][516]LogDerivedDataCache: Shutdown
[2018.01.15-19.54.08:360][516]LogModuleManager: Shutting down and abandoning module TargetPlatform (146)
[2018.01.15-19.54.08:360][516]LogModuleManager: Shutting down and abandoning module VulkanShaderFormat (145)
[2018.01.15-19.54.08:360][516]LogModuleManager: Shutting down and abandoning module ShaderFormatVectorVM (143)
[2018.01.15-19.54.08:360][516]LogModuleManager: Shutting down and abandoning module ShaderFormatOpenGL (141)
[2018.01.15-19.54.08:360][516]LogModuleManager: Shutting down and abandoning module ShaderFormatD3D (139)
[2018.01.15-19.54.08:360][516]LogModuleManager: Shutting down and abandoning module MetalShaderFormat (137)
[2018.01.15-19.54.08:361][516]LogModuleManager: Shutting down and abandoning module TextureFormatUncompressed (135)
[2018.01.15-19.54.08:361][516]LogModuleManager: Shutting down and abandoning module TextureFormatPVR (133)
[2018.01.15-19.54.08:361][516]LogModuleManager: Shutting down and abandoning module TextureFormatDXT (131)
[2018.01.15-19.54.08:361][516]LogModuleManager: Shutting down and abandoning module TextureFormatIntelISPCTexComp (129)
[2018.01.15-19.54.08:361][516]LogModuleManager: Shutting down and abandoning module TextureFormatASTC (127)
[2018.01.15-19.54.08:361][516]LogModuleManager: Shutting down and abandoning module ImageWrapper (126)
[2018.01.15-19.54.08:361][516]LogModuleManager: Shutting down and abandoning module TextureFormatAndroid (123)
[2018.01.15-19.54.08:361][516]LogModuleManager: Shutting down and abandoning module AudioFormatOpus (121)
[2018.01.15-19.54.08:361][516]LogModuleManager: Shutting down and abandoning module AudioFormatOgg (119)
[2018.01.15-19.54.08:361][516]LogModuleManager: Shutting down and abandoning module AudioFormatADPCM (117)
[2018.01.15-19.54.08:361][516]LogModuleManager: Shutting down and abandoning module LinuxTargetPlatform (115)
[2018.01.15-19.54.08:361][516]LogModuleManager: Shutting down and abandoning module LinuxServerTargetPlatform (113)
[2018.01.15-19.54.08:361][516]LogModuleManager: Shutting down and abandoning module LinuxNoEditorTargetPlatform (111)
[2018.01.15-19.54.08:361][516]LogModuleManager: Shutting down and abandoning module LinuxClientTargetPlatform (109)
[2018.01.15-19.54.08:361][516]LogModuleManager: Shutting down and abandoning module TVOSTargetPlatform (107)
[2018.01.15-19.54.08:361][516]LogModuleManager: Shutting down and abandoning module Messaging (105)
[2018.01.15-19.54.08:361][516]LogModuleManager: Shutting down and abandoning module IOSTargetPlatform (103)
[2018.01.15-19.54.08:361][516]LogModuleManager: Shutting down and abandoning module HTML5TargetPlatform (101)
[2018.01.15-19.54.08:361][516]LogModuleManager: Shutting down and abandoning module AndroidTargetPlatform (99)
[2018.01.15-19.54.08:361][516]LogModuleManager: Shutting down and abandoning module Android_PVRTCTargetPlatform (97)
[2018.01.15-19.54.08:361][516]LogModuleManager: Shutting down and abandoning module Android_MultiTargetPlatform (95)
[2018.01.15-19.54.08:361][516]LogModuleManager: Shutting down and abandoning module Android_ETC2TargetPlatform (93)
[2018.01.15-19.54.08:361][516]LogModuleManager: Shutting down and abandoning module Android_ETC1TargetPlatform (91)
[2018.01.15-19.54.08:361][516]LogModuleManager: Shutting down and abandoning module Android_DXTTargetPlatform (89)
[2018.01.15-19.54.08:361][516]LogModuleManager: Shutting down and abandoning module Android_ATCTargetPlatform (87)
[2018.01.15-19.54.08:361][516]LogModuleManager: Shutting down and abandoning module Android_ASTCTargetPlatform (85)
[2018.01.15-19.54.08:361][516]LogModuleManager: Shutting down and abandoning module WindowsTargetPlatform (83)
[2018.01.15-19.54.08:361][516]LogModuleManager: Shutting down and abandoning module WindowsServerTargetPlatform (81)
[2018.01.15-19.54.08:361][516]LogModuleManager: Shutting down and abandoning module WindowsNoEditorTargetPlatform (79)
[2018.01.15-19.54.08:361][516]LogModuleManager: Shutting down and abandoning module WindowsClientTargetPlatform (77)
[2018.01.15-19.54.08:361][516]LogModuleManager: Shutting down and abandoning module MacTargetPlatform (75)
[2018.01.15-19.54.08:361][516]LogModuleManager: Shutting down and abandoning module MacServerTargetPlatform (73)
[2018.01.15-19.54.08:361][516]LogModuleManager: Shutting down and abandoning module MacNoEditorTargetPlatform (71)
[2018.01.15-19.54.08:361][516]LogModuleManager: Shutting down and abandoning module MacClientTargetPlatform (69)
[2018.01.15-19.54.08:361][516]LogModuleManager: Shutting down and abandoning module AllDesktopTargetPlatform (67)
[2018.01.15-19.54.08:361][516]LogModuleManager: Shutting down and abandoning module InputCore (64)
[2018.01.15-19.54.08:361][516]LogModuleManager: Shutting down and abandoning module Settings (62)
[2018.01.15-19.54.08:361][516]LogModuleManager: Shutting down and abandoning module PhysXCooking (60)
[2018.01.15-19.54.08:361][516]LogModuleManager: Shutting down and abandoning module SteamVR (58)
[2018.01.15-19.54.08:361][516]LogModuleManager: Shutting down and abandoning module OculusHMD (56)
[2018.01.15-19.54.08:361][516]LogModuleManager: Shutting down and abandoning module ExampleDeviceProfileSelector (54)
[2018.01.15-19.54.08:361][516]LogModuleManager: Shutting down and abandoning module AppleARKit (52)
[2018.01.15-19.54.08:361][516]LogModuleManager: Shutting down and abandoning module AugmentedReality (51)
[2018.01.15-19.54.08:361][516]LogModuleManager: Shutting down and abandoning module OnlineBlueprintSupport (48)
[2018.01.15-19.54.08:361][516]LogModuleManager: Shutting down and abandoning module OnlineSubsystem (44)
[2018.01.15-19.54.08:361][516]LogModuleManager: Shutting down and abandoning module XMPP (43)
[2018.01.15-19.54.08:361][516]LogModuleManager: Shutting down and abandoning module HTTP (41)
[2018.01.15-19.54.08:362][516]LogHttp: Display: Http module shutting down, but needs to wait on 1 outstanding Http requests:
[2018.01.15-19.54.08:362][516]LogHttp: Display: 	verb=[POST] url=[https://datarouter.ol.epicgames.com/datarouter/api/v1/public/data?SessionID=%7B2FC93904-46F3-81D0-BC76-2183FC27D890%7D&AppID=UEEditor.Rocket.Release&AppVersion=4.18.2-3794801%2B%2B%2BUE4%2BRelease-4.18&UserID=7955945a4fde16c13c602995c0738d55%7Cb185488ceeef4c1aa0f257d2840391da%7Cf4aaaae3-716d-42a7-a4ff-53c07567cd45&AppEnvironment=datacollector-binary&UploadType=eteventstream] status=Processing
[2018.01.15-19.54.08:383][516]LogModuleManager: Shutting down and abandoning module SSL (40)
[2018.01.15-19.54.08:385][516]LogModuleManager: Shutting down and abandoning module AnimationModifiers (36)
[2018.01.15-19.54.08:385][516]LogModuleManager: Shutting down and abandoning module PropertyEditor (35)
[2018.01.15-19.54.08:385][516]LogModuleManager: Shutting down and abandoning module AudioEditor (32)
[2018.01.15-19.54.08:385][516]LogModuleManager: Shutting down and abandoning module TextureCompressor (30)
[2018.01.15-19.54.08:386][516]LogModuleManager: Shutting down and abandoning module ShaderCore (28)
[2018.01.15-19.54.08:386][516]LogModuleManager: Shutting down and abandoning module Landscape (26)
[2018.01.15-19.54.08:386][516]LogModuleManager: Shutting down and abandoning module SlateRHIRenderer (24)
[2018.01.15-19.54.08:391][516]LogModuleManager: Shutting down and abandoning module OpenGLDrv (22)
[2018.01.15-19.54.08:391][516]LogModuleManager: Shutting down and abandoning module D3D11RHI (20)
[2018.01.15-19.54.08:391][516]LogModuleManager: Shutting down and abandoning module AnimGraphRuntime (18)
[2018.01.15-19.54.08:391][516]LogModuleManager: Shutting down and abandoning module Renderer (16)
[2018.01.15-19.54.08:391][516]LogModuleManager: Shutting down and abandoning module Engine (14)
[2018.01.15-19.54.08:391][516]LogModuleManager: Shutting down and abandoning module CoreUObject (12)
[2018.01.15-19.54.08:391][516]LogModuleManager: Shutting down and abandoning module NetworkFile (10)
[2018.01.15-19.54.08:391][516]LogModuleManager: Shutting down and abandoning module CookedIterativeFile (8)
[2018.01.15-19.54.08:391][516]LogModuleManager: Shutting down and abandoning module StreamingFile (6)
[2018.01.15-19.54.08:391][516]LogModuleManager: Shutting down and abandoning module SandboxFile (4)
[2018.01.15-19.54.08:391][516]LogModuleManager: Shutting down and abandoning module PakFile (2)
[2018.01.15-19.54.08:394][516]LogExit: Exiting.
[2018.01.15-19.54.08:410][516]Log file closed, 01/15/18 19:54:08
